This is SBCL 1.3.6, an implementation of ANSI Common Lisp.
More information about SBCL is available at <http://www.sbcl.org/>.

SBCL is free software, provided as is, with absolutely no warranty.
It is mostly in the public domain; some portions are provided under
BSD-style licenses.  See the CREDITS and COPYING files in the
distribution for more information.
Loading OSCAR_4.02
Loading OSCAR_4.02

; file: /home/martin/Desktop/OSCAR/lisp-sbcl/oscar.lisp
; in: DEFUN INDEX-INTEREST
;     (INDEX-INTEREST-AT-NEW-NODES INTEREST TERM-LIST D-NODE NEW-PROFILE
;      (CAR PROFILE))
; 
; caught STYLE-WARNING:
;   undefined function: INDEX-INTEREST-AT-NEW-NODES

;     (STORE-INTEREST-AT-D-NODE INTEREST TERM-LIST DN)
; 
; caught STYLE-WARNING:
;   undefined function: STORE-INTEREST-AT-D-NODE

;     (STORE-INTEREST-AT-NEW-D-NODE INTEREST TERM-LIST D-NODE (CAR PROFILE))
; 
; caught STYLE-WARNING:
;   undefined function: STORE-INTEREST-AT-NEW-D-NODE
; 
; compilation unit finished
;   Undefined functions:
;     INDEX-INTEREST-AT-NEW-NODES STORE-INTEREST-AT-D-NODE STORE-INTEREST-AT-NEW-D-NODE
;   caught 3 STYLE-WARNING conditions

; in: DEFUN STORE-INTEREST-AT-D-NODE
;     (APPROPRIATE-FOR-REDUCTIO-SUPPOSITION FORMULA)
; 
; caught STYLE-WARNING:
;   undefined function: APPROPRIATE-FOR-REDUCTIO-SUPPOSITION
; 
; compilation unit finished
;   Undefined function:
;     APPROPRIATE-FOR-REDUCTIO-SUPPOSITION
;   caught 1 STYLE-WARNING condition

; in: DEFUN STORE-INTEREST-AT-NEW-D-NODE
;     (APPROPRIATE-FOR-REDUCTIO-SUPPOSITION FORMULA)
; 
; caught STYLE-WARNING:
;   undefined function: APPROPRIATE-FOR-REDUCTIO-SUPPOSITION
; 
; compilation unit finished
;   Undefined function:
;     APPROPRIATE-FOR-REDUCTIO-SUPPOSITION
;   caught 1 STYLE-WARNING condition

; in: DEFUN FIND-MATCHING-I-LISTS-FOR
;     (PURSUE-I-LISTS-FOR FORMULA PROFILE TERM-LIST VARIABLES *TOP-D-NODE*)
; 
; caught STYLE-WARNING:
;   undefined function: PURSUE-I-LISTS-FOR
; 
; compilation unit finished
;   Undefined function:
;     PURSUE-I-LISTS-FOR
;   caught 1 STYLE-WARNING condition

; in: DEFUN STORE-INTEREST-WITH-C-LISTS
;     (APPROPRIATE-FOR-REDUCTIO-SUPPOSITION FORMULA)
; 
; caught STYLE-WARNING:
;   undefined function: APPROPRIATE-FOR-REDUCTIO-SUPPOSITION
; 
; compilation unit finished
;   Undefined function:
;     APPROPRIATE-FOR-REDUCTIO-SUPPOSITION
;   caught 1 STYLE-WARNING condition

; in: DEFUN STORE-HYPERNODE
;     (INDEX-HYPERNODE NODE PROFILE TERM-LIST *TOP-D-NODE*)
; 
; caught STYLE-WARNING:
;   undefined function: INDEX-HYPERNODE
; 
; compilation unit finished
;   Undefined function:
;     INDEX-HYPERNODE
;   caught 1 STYLE-WARNING condition

; in: DEFUN INDEX-HYPERNODE
;     (INDEX-HYPERNODE-AT-NEW-NODES NODE TERM-LIST D-NODE NEW-PROFILE (CAR PROFILE))
; 
; caught STYLE-WARNING:
;   undefined function: INDEX-HYPERNODE-AT-NEW-NODES

;     (STORE-HYPERNODE-AT-D-NODE NODE TERM-LIST DN)
; 
; caught STYLE-WARNING:
;   undefined function: STORE-HYPERNODE-AT-D-NODE

;     (STORE-HYPERNODE-AT-NEW-D-NODE NODE TERM-LIST D-NODE (CAR PROFILE))
; 
; caught STYLE-WARNING:
;   undefined function: STORE-HYPERNODE-AT-NEW-D-NODE
; 
; compilation unit finished
;   Undefined functions:
;     INDEX-HYPERNODE-AT-NEW-NODES STORE-HYPERNODE-AT-D-NODE STORE-HYPERNODE-AT-NEW-D-NODE
;   caught 3 STYLE-WARNING conditions

; in: DEFUN STORE-HYPERNODE-AT-D-NODE
;     (APPROPRIATE-FOR-CONTRADICTORS FORMULA)
; 
; caught STYLE-WARNING:
;   undefined function: APPROPRIATE-FOR-CONTRADICTORS

;     (APPROPRIATE-FOR-REDUCTIO-INTEREST FORMULA)
; 
; caught STYLE-WARNING:
;   undefined function: APPROPRIATE-FOR-REDUCTIO-INTEREST

;     (FIND-MATCHING-C-LISTS-FOR (NEG FORMULA) (C-LIST-VARIABLES C-LIST))
; 
; caught STYLE-WARNING:
;   undefined function: FIND-MATCHING-C-LISTS-FOR

;     (IS-INFERENCE NODE)
; 
; caught STYLE-WARNING:
;   undefined function: IS-INFERENCE
; 
; compilation unit finished
;   Undefined functions:
;     APPROPRIATE-FOR-CONTRADICTORS APPROPRIATE-FOR-REDUCTIO-INTEREST FIND-MATCHING-C-LISTS-FOR IS-INFERENCE
;   caught 4 STYLE-WARNING conditions

; in: DEFUN STORE-HYPERNODE-AT-NEW-D-NODE
;     (APPROPRIATE-FOR-CONTRADICTORS FORMULA)
; 
; caught STYLE-WARNING:
;   undefined function: APPROPRIATE-FOR-CONTRADICTORS

;     (APPROPRIATE-FOR-REDUCTIO-INTEREST FORMULA)
; 
; caught STYLE-WARNING:
;   undefined function: APPROPRIATE-FOR-REDUCTIO-INTEREST

;     (FIND-MATCHING-C-LISTS-FOR (NEG FORMULA) (C-LIST-VARIABLES C-LIST))
; 
; caught STYLE-WARNING:
;   undefined function: FIND-MATCHING-C-LISTS-FOR
; 
; compilation unit finished
;   Undefined functions:
;     APPROPRIATE-FOR-CONTRADICTORS APPROPRIATE-FOR-REDUCTIO-INTEREST FIND-MATCHING-C-LISTS-FOR
;   caught 3 STYLE-WARNING conditions

; in: DEFUN FIND-MATCHING-C-LISTS-FOR
;     (PURSUE-C-LISTS-FOR FORMULA PROFILE TERM-LIST VARIABLES *TOP-D-NODE*)
; 
; caught STYLE-WARNING:
;   undefined function: PURSUE-C-LISTS-FOR
; 
; compilation unit finished
;   Undefined function:
;     PURSUE-C-LISTS-FOR
;   caught 1 STYLE-WARNING condition

; in: DEFUN CONSTRUCT-FORWARDS-PREMISE
;     (REASON-INSTANTIATOR P V)
; 
; caught STYLE-WARNING:
;   undefined function: REASON-INSTANTIATOR
; 
; compilation unit finished
;   Undefined function:
;     REASON-INSTANTIATOR
;   caught 1 STYLE-WARNING condition

; in: DEFUN CONSTRUCT-BACKWARDS-PREMISE
;     (REASON-INSTANTIATOR P V*)
; 
; caught STYLE-WARNING:
;   undefined function: REASON-INSTANTIATOR
; 
; compilation unit finished
;   Undefined function:
;     REASON-INSTANTIATOR
;   caught 1 STYLE-WARNING condition

; in: DEFSTRUCT FORWARDS-REASON
;     (DEFSTRUCT
;         (FORWARDS-REASON (:INCLUDE REASON) (:PRINT-FUNCTION PRINT-REASON)
;          (:CONC-NAME NIL)))
; --> MULTIPLE-VALUE-PROG1 PROGN PROGN LET* SB-INT:NAMED-LAMBDA FUNCTION 
; --> MULTIPLE-VALUE-PROG1 PROGN SYMBOL-MACROLET 
; --> SB-PCL::FAST-LEXICAL-METHOD-FUNCTIONS 
; --> SB-PCL::BIND-FAST-LEXICAL-METHOD-FUNCTIONS FLET SB-PCL::BIND-ARGS LET* 
; --> LOCALLY SYMBOL-MACROLET BLOCK FUNCALL 
; ==>
;   (SB-C::%FUNCALL #'PRINT-REASON #:OBJECT #:STREAM
;                   SB-KERNEL:*CURRENT-LEVEL-IN-PRINT*)
; 
; caught STYLE-WARNING:
;   undefined function: PRINT-REASON
; 
; compilation unit finished
;   Undefined function:
;     PRINT-REASON
;   caught 1 STYLE-WARNING condition

; in: DEFUN SHOW-REASON
;     (BACKWARDS-REASON-P REASON)
; 
; caught STYLE-WARNING:
;   undefined function: BACKWARDS-REASON-P
; 
; compilation unit finished
;   Undefined function:
;     BACKWARDS-REASON-P
;   caught 1 STYLE-WARNING condition

; in: DEFUN DISPLAY-UNSUPPORTED-HYPERNODE
;     (DRAW-N N *OG* *NODES-DISPLAYED*)
; 
; caught STYLE-WARNING:
;   undefined function: DRAW-N

;     (PAUSE-GRAPHICS)
; 
; caught STYLE-WARNING:
;   undefined function: PAUSE-GRAPHICS
; 
; compilation unit finished
;   Undefined functions:
;     DRAW-N PAUSE-GRAPHICS
;   caught 2 STYLE-WARNING conditions

; in: DEFUN DISPLAY-INTEREST
;     (DISPLAY-DISCHARGE-CONDITION INTEREST L)
; 
; caught STYLE-WARNING:
;   undefined function: DISPLAY-DISCHARGE-CONDITION
; 
; compilation unit finished
;   Undefined function:
;     DISPLAY-DISCHARGE-CONDITION
;   caught 1 STYLE-WARNING condition

; file: /home/martin/Desktop/OSCAR/lisp-sbcl/oscar.lisp
; in: DEFUN DISPLAY-INTERESTS
;     (LET* ((**INTERESTS** (UNIONMAPCAR #'(LAMBDA # #) *DISCRIMINATION-NET*))
;            (INTERESTS (ORDER **INTERESTS** #'(LAMBDA # #))))
;       (DOLIST (INTEREST INTERESTS)
;         (PRINC "#")
;         (PRINC (INTEREST-NUMBER INTEREST))
;         (COND ((INTEREST-DEDUCTIVE INTEREST) (PRINC "  deductive interest: "))
;               ((INTEREST-REDUCTIO INTEREST) (PRINC "  reductio interest: "))
;               (T (PRINC "  interest: ")))
;         (PRINP (INTEREST-FORMULA INTEREST))
;         (WHEN (INTEREST-SUPPOSITION INTEREST)
;           (PRINC "    supposition: ")
;           (SET-PRINP (INTEREST-SUPPOSITION INTEREST)))
;         (TERPRI)
;         (WHEN (SOME #'(LAMBDA # #) (INTEREST-RIGHT-LINKS INTEREST))
;           (PRINC "     This is of ultimate interest")
;           (TERPRI))
;         (DOLIST (L (INTEREST-RIGHT-LINKS INTEREST))
;           (WHEN (NOT #)
;             (PRINC "     For ")
;             (WHEN # #)
;             (PRINC "interest ")
;             (PRINC #)
;             (PRINC " by ")
;             (PRINC #)
;             (LET #
;               #)
;             (LET #
;               #)
;             (TERPRI)))
;         (WHEN (INTEREST-DEFEATEES INTEREST)
;           (PRINC "     For the defeat of ")
;           (PRINT-LIST (MAPCAR #'HYPERNODE-NUMBER #))
;           (TERPRI))
;         (PRINC "---------------------------------------------------") ...))
; 
; caught STYLE-WARNING:
;   using the lexical binding of the symbol (COMMON-LISP-USER::**INTERESTS**), not the
;   dynamic binding, even though the name follows
;   the usual naming convention (names like *FOO*) for special variables
; 
; compilation unit finished
;   caught 1 STYLE-WARNING condition

; file: /home/martin/Desktop/OSCAR/lisp-sbcl/oscar.lisp
; in: DEFUN DISPLAY-INTERESTS-BY-SUPPOSITION
;     (LET* ((**INTERESTS** (UNIONMAPCAR #'(LAMBDA # #) *DISCRIMINATION-NET*)))
;       (DOLIST (SUP SUPPOSITIONS)
;         (PRINC "==========================================")
;         (TERPRI)
;         (PRINC "Interests with supposition ")
;         (SET-PRINP SUP)
;         (PRINC ":")
;         (TERPRI)
;         (LET* ((SUP-INTERESTS #) (INTERESTS #))
;           (DOLIST (C INTERESTS) (WHEN # # # # # # # # # #)))))
; 
; caught STYLE-WARNING:
;   using the lexical binding of the symbol (COMMON-LISP-USER::**INTERESTS**), not the
;   dynamic binding, even though the name follows
;   the usual naming convention (names like *FOO*) for special variables
; 
; compilation unit finished
;   caught 1 STYLE-WARNING condition
STYLE-WARNING:
   Previously compiled call to COMMON-LISP-USER::BACKWARDS-REASON-P could not
   be inlined because the structure definition for
   COMMON-LISP-USER::BACKWARDS-REASON was not yet seen. To avoid this warning,
   DEFSTRUCT should precede references to the affected functions, or they must
   be declared locally notinline at each call site.

; in: DEFSTRUCT BACKWARDS-REASON
;     (DEFSTRUCT
;         (BACKWARDS-REASON (:INCLUDE REASON) (:PRINT-FUNCTION PRINT-REASON)
;          (:CONC-NAME NIL))
;       (B-REASON-CONDITION NIL)
;       (B-REASON-DISCHARGE NIL)
;       (B-REASON-LENGTH 1)
;       (B-REASON-CONCLUSIONS-BINDING-FUNCTION NIL)
;       (B-REASON-CONCLUSION-VARIABLES NIL)
;       (B-REASON-IMMEDIATE NIL))
; --> MULTIPLE-VALUE-PROG1 PROGN PROGN LET* SB-INT:NAMED-LAMBDA FUNCTION 
; --> MULTIPLE-VALUE-PROG1 PROGN SYMBOL-MACROLET 
; --> SB-PCL::FAST-LEXICAL-METHOD-FUNCTIONS 
; --> SB-PCL::BIND-FAST-LEXICAL-METHOD-FUNCTIONS FLET SB-PCL::BIND-ARGS LET* 
; --> LOCALLY SYMBOL-MACROLET BLOCK FUNCALL 
; ==>
;   (SB-C::%FUNCALL #'PRINT-REASON #:OBJECT #:STREAM
;                   SB-KERNEL:*CURRENT-LEVEL-IN-PRINT*)
; 
; caught STYLE-WARNING:
;   undefined function: PRINT-REASON
; 
; compilation unit finished
;   Undefined function:
;     PRINT-REASON
;   caught 1 STYLE-WARNING condition

; in: DEFUN QUEUE-SUPPOSITION
;     (APPLY-FORWARDS-DEFEASIBLE-REASONS C)
; 
; caught STYLE-WARNING:
;   undefined function: APPLY-FORWARDS-DEFEASIBLE-REASONS

;     (CONVERT-FROM-DEDUCTIVE-ONLY SUP)
; 
; caught STYLE-WARNING:
;   undefined function: CONVERT-FROM-DEDUCTIVE-ONLY

;     (CONVERT-REDUCTIO-SUPPOSITION SUP DISCOUNT-FACTOR)
; 
; caught STYLE-WARNING:
;   undefined function: CONVERT-REDUCTIO-SUPPOSITION

;     (QUEUE-NON-REDUCTIO-SUPPOSITION SUPPOSITION INSTANCE-SUPPOSITION E-VARS
;      DISCOUNT-FACTOR INTEREST)
; 
; caught STYLE-WARNING:
;   undefined function: QUEUE-NON-REDUCTIO-SUPPOSITION

;     (REDUCTIO-SUPPOSITION SUP)
; 
; caught STYLE-WARNING:
;   undefined function: REDUCTIO-SUPPOSITION

;     (SUBSUMING-SUPPOSITION SUPPOSITION)
; 
; caught STYLE-WARNING:
;   undefined function: SUBSUMING-SUPPOSITION
; 
; compilation unit finished
;   Undefined functions:
;     APPLY-FORWARDS-DEFEASIBLE-REASONS CONVERT-FROM-DEDUCTIVE-ONLY CONVERT-REDUCTIO-SUPPOSITION QUEUE-NON-REDUCTIO-SUPPOSITION REDUCTIO-SUPPOSITION SUBSUMING-SUPPOSITION
;   caught 6 STYLE-WARNING conditions

; in: DEFUN QUEUE-NON-REDUCTIO-SUPPOSITION
;     (DISCHARGE-INTEREST-IN NODE
;      (C-LIST-CORRESPONDING-I-LISTS (HYPERNODE-C-LIST NODE)) NIL T 1 NIL)
; 
; caught STYLE-WARNING:
;   undefined function: DISCHARGE-INTEREST-IN

;     (DRAW-N NODE *OG* *NODES-DISPLAYED*)
; 
; caught STYLE-WARNING:
;   undefined function: DRAW-N

;     (FORMULA-COMPLEXITY SUPPOSITION)
; 
; caught STYLE-WARNING:
;   undefined function: FORMULA-COMPLEXITY

;     (PAUSE-GRAPHICS)
; 
; caught STYLE-WARNING:
;   undefined function: PAUSE-GRAPHICS
; 
; compilation unit finished
;   Undefined functions:
;     DISCHARGE-INTEREST-IN DRAW-N FORMULA-COMPLEXITY PAUSE-GRAPHICS
;   caught 4 STYLE-WARNING conditions

; in: DEFSTRUCT GOAL
;     (DEFSTRUCT (GOAL (:PRINT-FUNCTION PRINT-GOAL) (:CONC-NAME NIL))
;       (GOAL-NUMBER 0)
;       (GOAL-FORMULA NIL)
;       (GOAL-STRENGTH 1)
;       (GOAL-SUPPORTING-NODE NIL)
;       (GOAL-GENERATING-DESIRE NIL))
; --> MULTIPLE-VALUE-PROG1 PROGN PROGN LET* SB-INT:NAMED-LAMBDA FUNCTION 
; --> MULTIPLE-VALUE-PROG1 PROGN SYMBOL-MACROLET 
; --> SB-PCL::FAST-LEXICAL-METHOD-FUNCTIONS 
; --> SB-PCL::BIND-FAST-LEXICAL-METHOD-FUNCTIONS FLET SB-PCL::BIND-ARGS LET* 
; --> LOCALLY SYMBOL-MACROLET BLOCK FUNCALL 
; ==>
;   (SB-C::%FUNCALL #'PRINT-GOAL #:OBJECT #:STREAM
;                   SB-KERNEL:*CURRENT-LEVEL-IN-PRINT*)
; 
; caught STYLE-WARNING:
;   undefined function: PRINT-GOAL
; 
; compilation unit finished
;   Undefined function:
;     PRINT-GOAL
;   caught 1 STYLE-WARNING condition

; in: DEFSTRUCT DESIRE
;     (DEFSTRUCT (DESIRE (:PRINT-FUNCTION PRINT-DESIRE) (:CONC-NAME NIL))
;       (DESIRE-NUMBER 0)
;       (DESIRE-CONTENT NIL)
;       (DESIRE-OBJECT NIL)
;       (DESIRE-STRENGTH 0)
;       (DESIRE-GENERATED-PLANS NIL)
;       (DESIRE-GENERATING-INTEREST NIL)
;       (DESIRE-HYPERNODE NIL))
; --> MULTIPLE-VALUE-PROG1 PROGN PROGN LET* SB-INT:NAMED-LAMBDA FUNCTION 
; --> MULTIPLE-VALUE-PROG1 PROGN SYMBOL-MACROLET 
; --> SB-PCL::FAST-LEXICAL-METHOD-FUNCTIONS 
; --> SB-PCL::BIND-FAST-LEXICAL-METHOD-FUNCTIONS FLET SB-PCL::BIND-ARGS LET* 
; --> LOCALLY SYMBOL-MACROLET BLOCK FUNCALL 
; ==>
;   (SB-C::%FUNCALL #'PRINT-DESIRE #:OBJECT #:STREAM
;                   SB-KERNEL:*CURRENT-LEVEL-IN-PRINT*)
; 
; caught STYLE-WARNING:
;   undefined function: PRINT-DESIRE
; 
; compilation unit finished
;   Undefined function:
;     PRINT-DESIRE
;   caught 1 STYLE-WARNING condition

; in: DEFSTRUCT PERCEPT
;     (DEFSTRUCT (PERCEPT (:PRINT-FUNCTION PRINT-PERCEPT) (:CONC-NAME NIL))
;       (PERCEPT-NUMBER 0)
;       (PERCEPT-CONTENT NIL)
;       (PERCEPT-CLARITY 0)
;       (PERCEPT-DATE 0))
; --> MULTIPLE-VALUE-PROG1 PROGN PROGN LET* SB-INT:NAMED-LAMBDA FUNCTION 
; --> MULTIPLE-VALUE-PROG1 PROGN SYMBOL-MACROLET 
; --> SB-PCL::FAST-LEXICAL-METHOD-FUNCTIONS 
; --> SB-PCL::BIND-FAST-LEXICAL-METHOD-FUNCTIONS FLET SB-PCL::BIND-ARGS LET* 
; --> LOCALLY SYMBOL-MACROLET BLOCK FUNCALL 
; ==>
;   (SB-C::%FUNCALL #'PRINT-PERCEPT #:OBJECT #:STREAM
;                   SB-KERNEL:*CURRENT-LEVEL-IN-PRINT*)
; 
; caught STYLE-WARNING:
;   undefined function: PRINT-PERCEPT
; 
; compilation unit finished
;   Undefined function:
;     PRINT-PERCEPT
;   caught 1 STYLE-WARNING condition

; in: DEFUN CONVERT-REDUCTIO-SUPPOSITION
;     (APPLY-FORWARDS-DEFEASIBLE-REASONS C)
; 
; caught STYLE-WARNING:
;   undefined function: APPLY-FORWARDS-DEFEASIBLE-REASONS

;     (DEDUCTIVE-IN C SUP)
; 
; caught STYLE-WARNING:
;   undefined function: DEDUCTIVE-IN
; 
; compilation unit finished
;   Undefined functions:
;     APPLY-FORWARDS-DEFEASIBLE-REASONS DEDUCTIVE-IN
;   caught 2 STYLE-WARNING conditions

; in: DEFUN OSCAR
;     (INITIALIZE-REASONER)
; 
; caught STYLE-WARNING:
;   undefined function: INITIALIZE-REASONER

;     (INITIATE-ACTIONS)
; 
; caught STYLE-WARNING:
;   undefined function: INITIATE-ACTIONS

;     (QUEUE-DESIRE (FUNCALL DISPOSITION INPUT))
; 
; caught STYLE-WARNING:
;   undefined function: QUEUE-DESIRE

;     (QUEUE-PERCEPT PERCEPT)
; 
; caught STYLE-WARNING:
;   undefined function: QUEUE-PERCEPT

;     (QUEUE-PREMISE (LIST (MEM1 PREMISE) NIL (MEM2 PREMISE)))
; 
; caught STYLE-WARNING:
;   undefined function: QUEUE-PREMISE

;     (REASON-BACKWARDS-FROM-QUERY QUERY (QUERY-STRENGTH QUERY) 0)
; 
; caught STYLE-WARNING:
;   undefined function: REASON-BACKWARDS-FROM-QUERY

;     (THINK)
; 
; caught STYLE-WARNING:
;   undefined function: THINK

;     (UPDATE-ENVIRONMENTAL-INPUT)
; 
; caught STYLE-WARNING:
;   undefined function: UPDATE-ENVIRONMENTAL-INPUT

;     (UPDATE-PERCEPTS)
; 
; caught STYLE-WARNING:
;   undefined function: UPDATE-PERCEPTS
; 
; compilation unit finished
;   Undefined functions:
;     INITIALIZE-REASONER INITIATE-ACTIONS QUEUE-DESIRE QUEUE-PERCEPT QUEUE-PREMISE REASON-BACKWARDS-FROM-QUERY THINK UPDATE-ENVIRONMENTAL-INPUT UPDATE-PERCEPTS
;   caught 9 STYLE-WARNING conditions

; in: DEFUN INITIALIZE-REASONER
;     (DRAW-N NODE *OG* *NODES-DISPLAYED*)
; 
; caught STYLE-WARNING:
;   undefined function: DRAW-N

;     (INITIALIZE-DISCRIMINATION-NET)
; 
; caught STYLE-WARNING:
;   undefined function: INITIALIZE-DISCRIMINATION-NET

;     (MAKE-OSCAR-WINDOW)
; 
; caught STYLE-WARNING:
;   undefined function: MAKE-OSCAR-WINDOW

;     (QUEUE-PREMISE PREMISE)
; 
; caught STYLE-WARNING:
;   undefined function: QUEUE-PREMISE
; 
; compilation unit finished
;   Undefined functions:
;     DRAW-N INITIALIZE-DISCRIMINATION-NET MAKE-OSCAR-WINDOW QUEUE-PREMISE
;   caught 4 STYLE-WARNING conditions

; in: DEFUN INITIALIZE-DISCRIMINATION-NET
;     (COMPUTE-BACKWARDS-REASON-D-NODES)
; 
; caught STYLE-WARNING:
;   undefined function: COMPUTE-BACKWARDS-REASON-D-NODES

;     (COMPUTE-FORWARDS-REASON-D-NODES)
; 
; caught STYLE-WARNING:
;   undefined function: COMPUTE-FORWARDS-REASON-D-NODES
; 
; compilation unit finished
;   Undefined functions:
;     COMPUTE-BACKWARDS-REASON-D-NODES COMPUTE-FORWARDS-REASON-D-NODES
;   caught 2 STYLE-WARNING conditions

; in: DEFUN PREMISE-CODE
;     (PREMISE-CODE* P VARIABLES NIL)
; 
; caught STYLE-WARNING:
;   undefined function: PREMISE-CODE*
; 
; compilation unit finished
;   Undefined function:
;     PREMISE-CODE*
;   caught 1 STYLE-WARNING condition

; in: DEFUN REASON-CODE
;     (REASON-CODE* P VARIABLES NIL)
; 
; caught STYLE-WARNING:
;   undefined function: REASON-CODE*
; 
; compilation unit finished
;   Undefined function:
;     REASON-CODE*
;   caught 1 STYLE-WARNING condition

; in: DEFUN COMPUTE-FORWARDS-REASON-D-NODES
;     (STORE-FORWARDS-REASON REASON PREMISE PROFILE)
; 
; caught STYLE-WARNING:
;   undefined function: STORE-FORWARDS-REASON
; 
; compilation unit finished
;   Undefined function:
;     STORE-FORWARDS-REASON
;   caught 1 STYLE-WARNING condition

; in: DEFUN STORE-FORWARDS-REASON
;     (INDEX-FORWARDS-REASON REASON PREMISE PROFILE *TOP-D-NODE*)
; 
; caught STYLE-WARNING:
;   undefined function: INDEX-FORWARDS-REASON

;     (STORE-FORWARDS-REASON-AT-D-NODE REASON PREMISE *TOP-D-NODE*)
; 
; caught STYLE-WARNING:
;   undefined function: STORE-FORWARDS-REASON-AT-D-NODE
; 
; compilation unit finished
;   Undefined functions:
;     INDEX-FORWARDS-REASON STORE-FORWARDS-REASON-AT-D-NODE
;   caught 2 STYLE-WARNING conditions

; in: DEFUN INDEX-FORWARDS-REASON
;     (INDEX-FORWARDS-REASON-AT-NEW-NODES REASON PREMISE D-NODE NEW-PROFILE
;      (CAR PROFILE))
; 
; caught STYLE-WARNING:
;   undefined function: INDEX-FORWARDS-REASON-AT-NEW-NODES

;     (STORE-FORWARDS-REASON-AT-NEW-D-NODE REASON PREMISE D-NODE (CAR PROFILE))
; 
; caught STYLE-WARNING:
;   undefined function: STORE-FORWARDS-REASON-AT-NEW-D-NODE
; 
; compilation unit finished
;   Undefined functions:
;     INDEX-FORWARDS-REASON-AT-NEW-NODES STORE-FORWARDS-REASON-AT-NEW-D-NODE
;   caught 2 STYLE-WARNING conditions

; in: DEFUN STORE-INSTANTIATED-PREMISE
;     (FUNCALL** (FP-CONDITION (CAR REMAINING-PREMISES)) NIL NEW-BINDING)
; 
; caught STYLE-WARNING:
;   undefined function: FUNCALL**

;     (INDEX-INSTANTIATED-PREMISE REASON PREMISE PROFILE NODE C-LIST BINDING
;      INSTANTIATIONS IP *TOP-D-NODE* (CDR REMAINING-PREMISES))
; 
; caught STYLE-WARNING:
;   undefined function: INDEX-INSTANTIATED-PREMISE

;     (MAKE-FORWARDS-INFERENCE NEW-BINDING INSTANTIATIONS
;      (IF (CLUE? (IP-PREMISE IP))
;          (IP-BASIS IP)
;          (CONS NODE (IP-BASIS IP)))
;      (IF (CLUE? (IP-PREMISE IP))
;          (CONS NODE (IP-CLUES IP))
;          (IP-CLUES IP))
;      0 IP)
; 
; caught STYLE-WARNING:
;   undefined function: MAKE-FORWARDS-INFERENCE

;     (STORE-INSTANTIATED-PREMISE-AT-D-NODE REASON PREMISE NODE C-LIST BINDING
;      INSTANTIATIONS IP *TOP-D-NODE* (CDR REMAINING-PREMISES))
; 
; caught STYLE-WARNING:
;   undefined function: STORE-INSTANTIATED-PREMISE-AT-D-NODE
; 
; compilation unit finished
;   Undefined functions:
;     FUNCALL** INDEX-INSTANTIATED-PREMISE MAKE-FORWARDS-INFERENCE STORE-INSTANTIATED-PREMISE-AT-D-NODE
;   caught 4 STYLE-WARNING conditions

; in: DEFUN STORE-INSTANTIATED-PREMISE-AT-D-NODE
;     (DISPLAY-INSTANTIATED-PREMISE IP)
; 
; caught STYLE-WARNING:
;   undefined function: DISPLAY-INSTANTIATED-PREMISE
; 
; compilation unit finished
;   Undefined function:
;     DISPLAY-INSTANTIATED-PREMISE
;   caught 1 STYLE-WARNING condition

; in: DEFUN INDEX-INSTANTIATED-PREMISE
;     (INDEX-INSTANTIATED-PREMISE-AT-NEW-NODES REASON PREMISE NEW-PROFILE NODE
;      C-LIST BINDING INSTANTIATIONS IP D-NODE (CAR PROFILE) REMAINING-PREMISES)
; 
; caught STYLE-WARNING:
;   undefined function: INDEX-INSTANTIATED-PREMISE-AT-NEW-NODES

;     (STORE-INSTANTIATED-PREMISE-AT-NEW-D-NODE REASON PREMISE NODE C-LIST BINDING
;      INSTANTIATIONS IP D-NODE (CAR PROFILE) REMAINING-PREMISES)
; 
; caught STYLE-WARNING:
;   undefined function: STORE-INSTANTIATED-PREMISE-AT-NEW-D-NODE
; 
; compilation unit finished
;   Undefined functions:
;     INDEX-INSTANTIATED-PREMISE-AT-NEW-NODES STORE-INSTANTIATED-PREMISE-AT-NEW-D-NODE
;   caught 2 STYLE-WARNING conditions

; in: DEFUN COMPUTE-BACKWARDS-REASON-D-NODES
;     (STORE-BACKWARDS-REASON REASON PROFILE)
; 
; caught STYLE-WARNING:
;   undefined function: STORE-BACKWARDS-REASON
; 
; compilation unit finished
;   Undefined function:
;     STORE-BACKWARDS-REASON
;   caught 1 STYLE-WARNING condition

; in: DEFUN STORE-BACKWARDS-REASON
;     (INDEX-BACKWARDS-REASON REASON PROFILE *TOP-D-NODE*)
; 
; caught STYLE-WARNING:
;   undefined function: INDEX-BACKWARDS-REASON
; 
; compilation unit finished
;   Undefined function:
;     INDEX-BACKWARDS-REASON
;   caught 1 STYLE-WARNING condition

; in: DEFUN INDEX-BACKWARDS-REASON
;     (INDEX-BACKWARDS-REASON-AT-NEW-NODES REASON D-NODE NEW-PROFILE (CAR PROFILE))
; 
; caught STYLE-WARNING:
;   undefined function: INDEX-BACKWARDS-REASON-AT-NEW-NODES

;     (STORE-BACKWARDS-REASON-AT-NEW-D-NODE REASON D-NODE (CAR PROFILE))
; 
; caught STYLE-WARNING:
;   undefined function: STORE-BACKWARDS-REASON-AT-NEW-D-NODE
; 
; compilation unit finished
;   Undefined functions:
;     INDEX-BACKWARDS-REASON-AT-NEW-NODES STORE-BACKWARDS-REASON-AT-NEW-D-NODE
;   caught 2 STYLE-WARNING conditions

; in: DEFUN CONSTRUCT-INTEREST-SCHEME
;     (DISCHARGE-INTEREST-SCHEME INTEREST-SCHEME (IS-D-NODE INTEREST-SCHEME)
;      PRIORITY DEPTH)
; 
; caught STYLE-WARNING:
;   undefined function: DISCHARGE-INTEREST-SCHEME

;     (DISPLAY-INTEREST-SCHEME INTEREST-SCHEME)
; 
; caught STYLE-WARNING:
;   undefined function: DISPLAY-INTEREST-SCHEME

;     (FUNCALL** (FP-CONDITION (CAR REMAINING-PREMISES)) NIL NEW-BINDING)
; 
; caught STYLE-WARNING:
;   undefined function: FUNCALL**

;     (MAKE-BACKWARDS-INFERENCE (IS-REASON IS0) NEW-BINDING
;      (IS-TARGET-INTEREST IS0) (1+ DEPTH) PRIORITY
;      (IF (FP-CLUE? (IS-PREMISE IS0))
;          (IS-BASIS IS0)
;          (CONS NODE (IS-BASIS IS0)))
;      (IF (FP-CLUE? (IS-PREMISE IS0))
;          (CONS NODE (IS-CLUES IS0))
;          (IS-CLUES IS0))
;      INSTANTIATIONS SUPPOSITION (IS-GENERATING-NODE IS0))
; 
; caught STYLE-WARNING:
;   undefined function: MAKE-BACKWARDS-INFERENCE

;     (REMOVE-DOUBLE-NEGATION (MATCH-SUBLIS BINDING (B-REASON-DISCHARGE REASON)))
; 
; caught STYLE-WARNING:
;   undefined function: REMOVE-DOUBLE-NEGATION

;     (STORE-INTEREST-SCHEME INTEREST-SCHEME PROFILE *TOP-D-NODE*)
; 
; caught STYLE-WARNING:
;   undefined function: STORE-INTEREST-SCHEME

;     (STORE-INTEREST-SCHEME-AT-D-NODE INTEREST-SCHEME D-NODE)
; 
; caught STYLE-WARNING:
;   undefined function: STORE-INTEREST-SCHEME-AT-D-NODE

;     (SUPPOSITION-VARIABLES SUPPOSITION)
; 
; caught STYLE-WARNING:
;   undefined function: SUPPOSITION-VARIABLES
; 
; compilation unit finished
;   Undefined functions:
;     DISCHARGE-INTEREST-SCHEME DISPLAY-INTEREST-SCHEME FUNCALL** MAKE-BACKWARDS-INFERENCE REMOVE-DOUBLE-NEGATION STORE-INTEREST-SCHEME STORE-INTEREST-SCHEME-AT-D-NODE SUPPOSITION-VARIABLES
;   caught 8 STYLE-WARNING conditions

; in: DEFUN STORE-INTEREST-SCHEME
;     (INDEX-INTEREST-SCHEME INTEREST-SCHEME PROFILE D-NODE)
; 
; caught STYLE-WARNING:
;   undefined function: INDEX-INTEREST-SCHEME

;     (STORE-INTEREST-SCHEME-AT-D-NODE INTEREST-SCHEME D-NODE)
; 
; caught STYLE-WARNING:
;   undefined function: STORE-INTEREST-SCHEME-AT-D-NODE
; 
; compilation unit finished
;   Undefined functions:
;     INDEX-INTEREST-SCHEME STORE-INTEREST-SCHEME-AT-D-NODE
;   caught 2 STYLE-WARNING conditions

; in: DEFUN INDEX-INTEREST-SCHEME
;     (INDEX-INTEREST-SCHEME-AT-NEW-NODES INTEREST-SCHEME D-NODE NEW-PROFILE
;      (CAR PROFILE))
; 
; caught STYLE-WARNING:
;   undefined function: INDEX-INTEREST-SCHEME-AT-NEW-NODES

;     (STORE-INTEREST-SCHEME-AT-NEW-D-NODE INTEREST-SCHEME D-NODE (CAR PROFILE))
; 
; caught STYLE-WARNING:
;   undefined function: STORE-INTEREST-SCHEME-AT-NEW-D-NODE
; 
; compilation unit finished
;   Undefined functions:
;     INDEX-INTEREST-SCHEME-AT-NEW-NODES STORE-INTEREST-SCHEME-AT-NEW-D-NODE
;   caught 2 STYLE-WARNING conditions

; in: DEFUN MONITOR-ASSIGNMENT-TREE
;     (IGNORE X)
; 
; caught WARNING:
;   The function IGNORE is undefined, and its name is reserved by ANSI CL so that
;   even if it were defined later, the code doing so would not be portable.
; 
; compilation unit finished
;   Undefined function:
;     IGNORE
;   caught 1 WARNING condition

; in: DEFUN QUEUE-PREMISE
;     (ADOPT-INTEREST-IN-PREMISE-DEFEATER SEQUENT NODE)
; 
; caught STYLE-WARNING:
;   undefined function: ADOPT-INTEREST-IN-PREMISE-DEFEATER

;     (DISCHARGE-INTEREST-IN NODE
;      (C-LIST-CORRESPONDING-I-LISTS (HYPERNODE-C-LIST NODE)) NIL T 1 NIL)
; 
; caught STYLE-WARNING:
;   undefined function: DISCHARGE-INTEREST-IN
; 
; compilation unit finished
;   Undefined functions:
;     ADOPT-INTEREST-IN-PREMISE-DEFEATER DISCHARGE-INTEREST-IN
;   caught 2 STYLE-WARNING conditions

; in: DEFUN ADOPT-INTEREST-IN-PREMISE-DEFEATER
;     (QUEUE-INTEREST REBUTTING-INTEREST (DEFEATER-PRIORITY REBUTTING-INTEREST))
; 
; caught STYLE-WARNING:
;   undefined function: QUEUE-INTEREST

;     (READOPT-INTEREST REBUTTING-INTEREST (LIST NODE))
; 
; caught STYLE-WARNING:
;   undefined function: READOPT-INTEREST
; 
; compilation unit finished
;   Undefined functions:
;     QUEUE-INTEREST READOPT-INTEREST
;   caught 2 STYLE-WARNING conditions

; in: DEFUN THINK
;     (DISPLAY-INFERENCE-QUEUE)
; 
; caught STYLE-WARNING:
;   undefined function: DISPLAY-INFERENCE-QUEUE

;     (FORM-EPISTEMIC-DESIRES-FOR INTEREST)
; 
; caught STYLE-WARNING:
;   undefined function: FORM-EPISTEMIC-DESIRES-FOR

;     (MENU-ITEM-DISABLE (OSCAR-MENU-ITEM "Trace on"))
; 
; caught STYLE-WARNING:
;   undefined function: MENU-ITEM-DISABLE

;     (MENU-ITEM-ENABLE (OSCAR-MENU-ITEM "Trace off"))
; 
; caught STYLE-WARNING:
;   undefined function: MENU-ITEM-ENABLE

;     (OSCAR-MENU-ITEM "Trace on")
; 
; caught STYLE-WARNING:
;   undefined function: OSCAR-MENU-ITEM

;     (REASON-BACKWARDS-FROM INTEREST PRIORITY 0)
; 
; caught STYLE-WARNING:
;   undefined function: REASON-BACKWARDS-FROM

;     (REASON-BACKWARDS-FROM-QUERY QUERY PRIORITY 0)
; 
; caught STYLE-WARNING:
;   undefined function: REASON-BACKWARDS-FROM-QUERY

;     (REASON-FORWARDS-FROM NODE 0)
; 
; caught STYLE-WARNING:
;   undefined function: REASON-FORWARDS-FROM

;     (UPDATE-BELIEFS)
; 
; caught STYLE-WARNING:
;   undefined function: UPDATE-BELIEFS
; 
; compilation unit finished
;   Undefined functions:
;     DISPLAY-INFERENCE-QUEUE FORM-EPISTEMIC-DESIRES-FOR MENU-ITEM-DISABLE MENU-ITEM-ENABLE OSCAR-MENU-ITEM REASON-BACKWARDS-FROM REASON-BACKWARDS-FROM-QUERY REASON-FORWARDS-FROM UPDATE-BELIEFS
;   caught 9 STYLE-WARNING conditions

; in: DEFUN TEST
;     (DISPLAY-TEST-LOG)
; 
; caught STYLE-WARNING:
;   undefined function: DISPLAY-TEST-LOG

;     (RUN-REASONING-PROBLEM P)
; 
; caught STYLE-WARNING:
;   undefined function: RUN-REASONING-PROBLEM
; 
; compilation unit finished
;   Undefined functions:
;     DISPLAY-TEST-LOG RUN-REASONING-PROBLEM
;   caught 2 STYLE-WARNING conditions

; in: DEFUN DISPLAY-TEST-LOG
;     (DISPLAY-RUN-TIME-IN-SECONDS (MEM2 L))
; 
; caught STYLE-WARNING:
;   undefined function: DISPLAY-RUN-TIME-IN-SECONDS
; 
; compilation unit finished
;   Undefined function:
;     DISPLAY-RUN-TIME-IN-SECONDS
;   caught 1 STYLE-WARNING condition

; in: DEFUN RERUN
;     (RUN-REASONING-PROBLEM P)
; 
; caught STYLE-WARNING:
;   undefined function: RUN-REASONING-PROBLEM
; 
; compilation unit finished
;   Undefined function:
;     RUN-REASONING-PROBLEM
;   caught 1 STYLE-WARNING condition

; in: DEFUN RUN
;     (RUN-REASONING-PROBLEM P)
; 
; caught STYLE-WARNING:
;   undefined function: RUN-REASONING-PROBLEM
; 
; compilation unit finished
;   Undefined function:
;     RUN-REASONING-PROBLEM
;   caught 1 STYLE-WARNING condition

; in: DEFUN RUN-REASONING-PROBLEM
;     (COGITATE)
; 
; caught STYLE-WARNING:
;   undefined function: COGITATE

;     (DISPLAY-HYPERGRAPH)
; 
; caught STYLE-WARNING:
;   undefined function: DISPLAY-HYPERGRAPH

;     (DISPLAY-PROBLEM P)
; 
; caught STYLE-WARNING:
;   undefined function: DISPLAY-PROBLEM
; 
; compilation unit finished
;   Undefined functions:
;     COGITATE DISPLAY-HYPERGRAPH DISPLAY-PROBLEM
;   caught 3 STYLE-WARNING conditions

; in: DEFUN TEST*
;     (RUN-REASONING-PROBLEM* P)
; 
; caught STYLE-WARNING:
;   undefined function: RUN-REASONING-PROBLEM*
; 
; compilation unit finished
;   Undefined function:
;     RUN-REASONING-PROBLEM*
;   caught 1 STYLE-WARNING condition

; in: DEFUN TEST&LOAD
;     (RUN-REASONING-PROBLEM* P)
; 
; caught STYLE-WARNING:
;   undefined function: RUN-REASONING-PROBLEM*
; 
; compilation unit finished
;   Undefined function:
;     RUN-REASONING-PROBLEM*
;   caught 1 STYLE-WARNING condition

; in: DEFUN TEST&COMPARE
;     (RUN-REASONING-PROBLEM* P)
; 
; caught STYLE-WARNING:
;   undefined function: RUN-REASONING-PROBLEM*
; 
; compilation unit finished
;   Undefined function:
;     RUN-REASONING-PROBLEM*
;   caught 1 STYLE-WARNING condition

; in: DEFUN RUN-REASONING-PROBLEM*
;     (COGITATE0)
; 
; caught STYLE-WARNING:
;   undefined function: COGITATE0
; 
; compilation unit finished
;   Undefined function:
;     COGITATE0
;   caught 1 STYLE-WARNING condition

; in: DEFUN COGITATE0
;     (REASON-BACKWARDS-FROM-QUERY QUERY (QUERY-STRENGTH QUERY) 0)
; 
; caught STYLE-WARNING:
;   undefined function: REASON-BACKWARDS-FROM-QUERY

;     (THINK-OR-DIE)
; 
; caught STYLE-WARNING:
;   undefined function: THINK-OR-DIE
; 
; compilation unit finished
;   Undefined functions:
;     REASON-BACKWARDS-FROM-QUERY THINK-OR-DIE
;   caught 2 STYLE-WARNING conditions

; in: DEFUN COGITATE
;     (COMPUTE-RELEVANT-NODES NODES)
; 
; caught STYLE-WARNING:
;   undefined function: COMPUTE-RELEVANT-NODES

;     (DISPLAY-REASONING)
; 
; caught STYLE-WARNING:
;   undefined function: DISPLAY-REASONING

;     (DISPLAY-RUN-TIME-IN-SECONDS TIME)
; 
; caught STYLE-WARNING:
;   undefined function: DISPLAY-RUN-TIME-IN-SECONDS

;     (REASON-BACKWARDS-FROM-QUERY QUERY (QUERY-STRENGTH QUERY) 0)
; 
; caught STYLE-WARNING:
;   undefined function: REASON-BACKWARDS-FROM-QUERY

;     (SHOW-ARGUMENTS)
; 
; caught STYLE-WARNING:
;   undefined function: SHOW-ARGUMENTS

;     (THINK-OR-DIE)
; 
; caught STYLE-WARNING:
;   undefined function: THINK-OR-DIE
; 
; compilation unit finished
;   Undefined functions:
;     COMPUTE-RELEVANT-NODES DISPLAY-REASONING DISPLAY-RUN-TIME-IN-SECONDS REASON-BACKWARDS-FROM-QUERY SHOW-ARGUMENTS THINK-OR-DIE
;   caught 6 STYLE-WARNING conditions

; in: DEFUN TRY
;     (COMPUTE-RELEVANT-NODES NODES)
; 
; caught STYLE-WARNING:
;   undefined function: COMPUTE-RELEVANT-NODES

;     (SHOW-ARGUMENTS)
; 
; caught STYLE-WARNING:
;   undefined function: SHOW-ARGUMENTS

;     (THINK-OR-DIE)
; 
; caught STYLE-WARNING:
;   undefined function: THINK-OR-DIE
; 
; compilation unit finished
;   Undefined functions:
;     COMPUTE-RELEVANT-NODES SHOW-ARGUMENTS THINK-OR-DIE
;   caught 3 STYLE-WARNING conditions

; in: DEFUN COMPUTE-RELEVANT-NODES
;     (ADD-RELEVANT-NODES NODE)
; 
; caught STYLE-WARNING:
;   undefined function: ADD-RELEVANT-NODES
; 
; compilation unit finished
;   Undefined function:
;     ADD-RELEVANT-NODES
;   caught 1 STYLE-WARNING condition

; in: DEFUN DISPLAY-REASONING
;     (DISPLAY-NODE X *RELEVANT-NODES* NODES-USED INTERESTS-USED ENABLING-INTERESTS
;      NODES-DISPLAYED)
; 
; caught STYLE-WARNING:
;   undefined function: DISPLAY-NODE

;     (DISPLAY-PERIPHERALS X BOUNDARY NODES-USED)
; 
; caught STYLE-WARNING:
;   undefined function: DISPLAY-PERIPHERALS

;     (DISPLAY-REASONING-FULLY)
; 
; caught STYLE-WARNING:
;   undefined function: DISPLAY-REASONING-FULLY

;     (DISPLAY-USED-INTEREST X *RELEVANT-NODES* NODES-USED INTERESTS-USED
;      ENABLING-INTERESTS INTERESTS-USED-IN-PROOF)
; 
; caught STYLE-WARNING:
;   undefined function: DISPLAY-USED-INTEREST

;     (GENERATED-NODES-AND-INTERESTS *RELEVANT-NODES*
;      (UNION ULTIMATE-INTERESTS ENABLING-INTERESTS) ULTIMATE-INTERESTS)
; 
; caught STYLE-WARNING:
;   undefined function: GENERATED-NODES-AND-INTERESTS

;     (NOT-STRICTLY-RELEVANT-NODES)
; 
; caught STYLE-WARNING:
;   undefined function: NOT-STRICTLY-RELEVANT-NODES
; 
; compilation unit finished
;   Undefined functions:
;     DISPLAY-NODE DISPLAY-PERIPHERALS DISPLAY-REASONING-FULLY DISPLAY-USED-INTEREST GENERATED-NODES-AND-INTERESTS NOT-STRICTLY-RELEVANT-NODES
;   caught 6 STYLE-WARNING conditions

; in: DEFUN DISPLAY-REASONING-FOR
;     (DISPLAY-NODE X *RELEVANT-NODES* NODES-USED INTERESTS-USED ENABLING-INTERESTS
;      NODES-DISPLAYED)
; 
; caught STYLE-WARNING:
;   undefined function: DISPLAY-NODE

;     (DISPLAY-PERIPHERALS X BOUNDARY NODES-USED)
; 
; caught STYLE-WARNING:
;   undefined function: DISPLAY-PERIPHERALS

;     (DISPLAY-USED-INTEREST X *RELEVANT-NODES* NODES-USED INTERESTS-USED
;      ENABLING-INTERESTS INTERESTS-USED-IN-PROOF)
; 
; caught STYLE-WARNING:
;   undefined function: DISPLAY-USED-INTEREST

;     (GENERATED-NODES-AND-INTERESTS *RELEVANT-NODES* ENABLING-INTERESTS NIL)
; 
; caught STYLE-WARNING:
;   undefined function: GENERATED-NODES-AND-INTERESTS
; 
; compilation unit finished
;   Undefined functions:
;     DISPLAY-NODE DISPLAY-PERIPHERALS DISPLAY-USED-INTEREST GENERATED-NODES-AND-INTERESTS
;   caught 4 STYLE-WARNING conditions

; in: DEFUN DISPLAY-REASONING-FULLY
;     (DISPLAY-NODE X *RELEVANT-NODES* NODES-USED INTERESTS-USED ENABLING-INTERESTS
;      NODES-DISPLAYED)
; 
; caught STYLE-WARNING:
;   undefined function: DISPLAY-NODE

;     (DISPLAY-PERIPHERALS X BOUNDARY NODES-USED)
; 
; caught STYLE-WARNING:
;   undefined function: DISPLAY-PERIPHERALS

;     (DISPLAY-USED-INTEREST X *RELEVANT-NODES* NODES-USED INTERESTS-USED
;      ENABLING-INTERESTS INTERESTS-USED-IN-PROOF)
; 
; caught STYLE-WARNING:
;   undefined function: DISPLAY-USED-INTEREST

;     (FULL-DISPLAY-NODE X *RELEVANT-NODES*)
; 
; caught STYLE-WARNING:
;   undefined function: FULL-DISPLAY-NODE

;     (FULL-DISPLAY-USED-INTEREST X)
; 
; caught STYLE-WARNING:
;   undefined function: FULL-DISPLAY-USED-INTEREST

;     (GENERATED-NODES-AND-INTERESTS *RELEVANT-NODES*
;      (UNION ULTIMATE-INTERESTS ENABLING-INTERESTS) ULTIMATE-INTERESTS)
; 
; caught STYLE-WARNING:
;   undefined function: GENERATED-NODES-AND-INTERESTS
; 
; compilation unit finished
;   Undefined functions:
;     DISPLAY-NODE DISPLAY-PERIPHERALS DISPLAY-USED-INTEREST FULL-DISPLAY-NODE FULL-DISPLAY-USED-INTEREST GENERATED-NODES-AND-INTERESTS
;   caught 6 STYLE-WARNING conditions

; in: DEFUN GENERATED-NODES-AND-INTERESTS
;     (PROCESS-UNPROCESSED-INTEREST (CAR *UNPROCESSED-INTERESTS*))
; 
; caught STYLE-WARNING:
;   undefined function: PROCESS-UNPROCESSED-INTEREST

;     (PROCESS-UNPROCESSED-NODE (CAR *UNPROCESSED-NODES*) PROOF-NODES
;      ENABLING-INTERESTS)
; 
; caught STYLE-WARNING:
;   undefined function: PROCESS-UNPROCESSED-NODE
; 
; compilation unit finished
;   Undefined functions:
;     PROCESS-UNPROCESSED-INTEREST PROCESS-UNPROCESSED-NODE
;   caught 2 STYLE-WARNING conditions

; in: DEFUN PROCESS-UNPROCESSED-NODE
;     (LINK-INTERESTS LINK)
; 
; caught STYLE-WARNING:
;   undefined function: LINK-INTERESTS
; 
; compilation unit finished
;   Undefined function:
;     LINK-INTERESTS
;   caught 1 STYLE-WARNING condition

; in: DEFUN PROCESS-UNPROCESSED-INTEREST
;     (LINK-INTERESTS L)
; 
; caught STYLE-WARNING:
;   undefined function: LINK-INTERESTS
; 
; compilation unit finished
;   Undefined function:
;     LINK-INTERESTS
;   caught 1 STYLE-WARNING condition

; in: DEFUN DISPLAY-NODE
;     (STRONGLY-DISCHARGING-NODE DN IN PROOF-NODES INTERESTS-DISCHARGED)
; 
; caught STYLE-WARNING:
;   undefined function: STRONGLY-DISCHARGING-NODE
; 
; compilation unit finished
;   Undefined function:
;     STRONGLY-DISCHARGING-NODE
;   caught 1 STYLE-WARNING condition

; in: DEFUN DISPLAY-USED-INTEREST
;     (STRONGLY-DISCHARGING-NODE DN INTEREST PROOF-NODES ENABLING-INTERESTS)
; 
; caught STYLE-WARNING:
;   undefined function: STRONGLY-DISCHARGING-NODE
; 
; compilation unit finished
;   Undefined function:
;     STRONGLY-DISCHARGING-NODE
;   caught 1 STYLE-WARNING condition

; in: DEFUN STRICTLY-RELEVANT-NODES
;     (COMPUTE-STRICTLY-RELEVANT-NODES NODES)
; 
; caught STYLE-WARNING:
;   undefined function: COMPUTE-STRICTLY-RELEVANT-NODES
; 
; compilation unit finished
;   Undefined function:
;     COMPUTE-STRICTLY-RELEVANT-NODES
;   caught 1 STYLE-WARNING condition

; in: DEFUN COMPUTE-STRICTLY-RELEVANT-NODES
;     (ADD-STRICTLY-RELEVANT-NODES NODE)
; 
; caught STYLE-WARNING:
;   undefined function: ADD-STRICTLY-RELEVANT-NODES
; 
; compilation unit finished
;   Undefined function:
;     ADD-STRICTLY-RELEVANT-NODES
;   caught 1 STYLE-WARNING condition

; in: DEFUN THINK-OR-DIE
;     (DISPLAY-INFERENCE-QUEUE)
; 
; caught STYLE-WARNING:
;   undefined function: DISPLAY-INFERENCE-QUEUE

;     (FORM-EPISTEMIC-DESIRES-FOR INTEREST)
; 
; caught STYLE-WARNING:
;   undefined function: FORM-EPISTEMIC-DESIRES-FOR

;     (MENU-ITEM-DISABLE (OSCAR-MENU-ITEM "Trace on"))
; 
; caught STYLE-WARNING:
;   undefined function: MENU-ITEM-DISABLE

;     (MENU-ITEM-ENABLE (OSCAR-MENU-ITEM "Trace off"))
; 
; caught STYLE-WARNING:
;   undefined function: MENU-ITEM-ENABLE

;     (OSCAR-MENU-ITEM "Trace on")
; 
; caught STYLE-WARNING:
;   undefined function: OSCAR-MENU-ITEM

;     (REASON-BACKWARDS-FROM INTEREST PRIORITY 0)
; 
; caught STYLE-WARNING:
;   undefined function: REASON-BACKWARDS-FROM

;     (REASON-BACKWARDS-FROM-QUERY QUERY PRIORITY 0)
; 
; caught STYLE-WARNING:
;   undefined function: REASON-BACKWARDS-FROM-QUERY

;     (REASON-FORWARDS-FROM NODE 0)
; 
; caught STYLE-WARNING:
;   undefined function: REASON-FORWARDS-FROM

;     (UPDATE-BELIEFS)
; 
; caught STYLE-WARNING:
;   undefined function: UPDATE-BELIEFS
; 
; compilation unit finished
;   Undefined functions:
;     DISPLAY-INFERENCE-QUEUE FORM-EPISTEMIC-DESIRES-FOR MENU-ITEM-DISABLE MENU-ITEM-ENABLE OSCAR-MENU-ITEM REASON-BACKWARDS-FROM REASON-BACKWARDS-FROM-QUERY REASON-FORWARDS-FROM UPDATE-BELIEFS
;   caught 9 STYLE-WARNING conditions

; in: DEFUN REASON-BACKWARDS-FROM-QUERY
;     (REASON-BACKWARDS-FROM-?-QUERY QUERY PRIORITY DEPTH)
; 
; caught STYLE-WARNING:
;   undefined function: REASON-BACKWARDS-FROM-?-QUERY

;     (REASON-BACKWARDS-FROM-SIMPLE-QUERY QUERY PRIORITY DEPTH)
; 
; caught STYLE-WARNING:
;   undefined function: REASON-BACKWARDS-FROM-SIMPLE-QUERY

;     (REASON-BACKWARDS-FROM-WHETHER-QUERY QUERY PRIORITY DEPTH)
; 
; caught STYLE-WARNING:
;   undefined function: REASON-BACKWARDS-FROM-WHETHER-QUERY
; 
; compilation unit finished
;   Undefined functions:
;     REASON-BACKWARDS-FROM-?-QUERY REASON-BACKWARDS-FROM-SIMPLE-QUERY REASON-BACKWARDS-FROM-WHETHER-QUERY
;   caught 3 STYLE-WARNING conditions

; in: DEFUN REASON-BACKWARDS-FROM-WHETHER-QUERY
;     (APPLY-DEGENERATE-BACKWARDS-REASONS POSITIVE-INTEREST PRIORITY (1+ DEPTH))
; 
; caught STYLE-WARNING:
;   undefined function: APPLY-DEGENERATE-BACKWARDS-REASONS

;     (CANCEL-INTEREST-IN (QUERY-INTEREST QUERY) 0)
; 
; caught STYLE-WARNING:
;   undefined function: CANCEL-INTEREST-IN

;     (FORM-EPISTEMIC-DESIRES-FOR POSITIVE-INTEREST)
; 
; caught STYLE-WARNING:
;   undefined function: FORM-EPISTEMIC-DESIRES-FOR

;     (READOPT-INTEREST POSITIVE-INTEREST NIL)
; 
; caught STYLE-WARNING:
;   undefined function: READOPT-INTEREST

;     (REASON-BACKWARDS-FROM POSITIVE-INTEREST PRIORITY (1+ DEPTH))
; 
; caught STYLE-WARNING:
;   undefined function: REASON-BACKWARDS-FROM

;     (RECORD-QUERY-ANSWERS LINK)
; 
; caught STYLE-WARNING:
;   undefined function: RECORD-QUERY-ANSWERS
; 
; compilation unit finished
;   Undefined functions:
;     APPLY-DEGENERATE-BACKWARDS-REASONS CANCEL-INTEREST-IN FORM-EPISTEMIC-DESIRES-FOR READOPT-INTEREST REASON-BACKWARDS-FROM RECORD-QUERY-ANSWERS
;   caught 6 STYLE-WARNING conditions

; in: DEFUN REASON-BACKWARDS-FROM-SIMPLE-QUERY
;     (APPLY-DEGENERATE-BACKWARDS-REASONS INTEREST PRIORITY (1+ DEPTH))
; 
; caught STYLE-WARNING:
;   undefined function: APPLY-DEGENERATE-BACKWARDS-REASONS

;     (FORM-EPISTEMIC-DESIRES-FOR INTEREST)
; 
; caught STYLE-WARNING:
;   undefined function: FORM-EPISTEMIC-DESIRES-FOR

;     (READOPT-INTEREST INTEREST NIL)
; 
; caught STYLE-WARNING:
;   undefined function: READOPT-INTEREST

;     (REASON-BACKWARDS-FROM INTEREST PRIORITY (1+ DEPTH))
; 
; caught STYLE-WARNING:
;   undefined function: REASON-BACKWARDS-FROM

;     (RECORD-QUERY-ANSWERS LINK)
; 
; caught STYLE-WARNING:
;   undefined function: RECORD-QUERY-ANSWERS
; 
; compilation unit finished
;   Undefined functions:
;     APPLY-DEGENERATE-BACKWARDS-REASONS FORM-EPISTEMIC-DESIRES-FOR READOPT-INTEREST REASON-BACKWARDS-FROM RECORD-QUERY-ANSWERS
;   caught 5 STYLE-WARNING conditions

; in: DEFUN ?-POSITIVE-INSTRUCTION
;     (CANCEL-INTEREST-IN (QUERY-INTEREST QUERY) 0)
; 
; caught STYLE-WARNING:
;   undefined function: CANCEL-INTEREST-IN
; 
; compilation unit finished
;   Undefined function:
;     CANCEL-INTEREST-IN
;   caught 1 STYLE-WARNING condition

; in: DEFUN REASON-BACKWARDS-FROM-?-QUERY
;     (APPLY-DEGENERATE-BACKWARDS-REASONS INTEREST PRIORITY (1+ DEPTH))
; 
; caught STYLE-WARNING:
;   undefined function: APPLY-DEGENERATE-BACKWARDS-REASONS

;     (FORM-EPISTEMIC-DESIRES-FOR INTEREST)
; 
; caught STYLE-WARNING:
;   undefined function: FORM-EPISTEMIC-DESIRES-FOR

;     (REASON-BACKWARDS-FROM INTEREST PRIORITY (1+ DEPTH))
; 
; caught STYLE-WARNING:
;   undefined function: REASON-BACKWARDS-FROM

;     (RECORD-QUERY-ANSWERS LINK)
; 
; caught STYLE-WARNING:
;   undefined function: RECORD-QUERY-ANSWERS
; 
; compilation unit finished
;   Undefined functions:
;     APPLY-DEGENERATE-BACKWARDS-REASONS FORM-EPISTEMIC-DESIRES-FOR REASON-BACKWARDS-FROM RECORD-QUERY-ANSWERS
;   caught 4 STYLE-WARNING conditions

; in: DEFUN REASON-BACKWARDS-FROM
;     (APPLY-BACKWARDS-REASONS INTEREST PRIORITY DEPTH)
; 
; caught STYLE-WARNING:
;   undefined function: APPLY-BACKWARDS-REASONS

;     (DISCHARGE-FORTUITOUS-REDUCTIO-INTERESTS INTEREST DEPTH)
; 
; caught STYLE-WARNING:
;   undefined function: DISCHARGE-FORTUITOUS-REDUCTIO-INTERESTS

;     (DISCHARGE-RETROSPECTIVE-REDUCTIOS NODE MATCH INTEREST 1)
; 
; caught STYLE-WARNING:
;   undefined function: DISCHARGE-RETROSPECTIVE-REDUCTIOS

;     (MAKE-REDUCTIO-SUPPOSITION INTEREST DEPTH)
; 
; caught STYLE-WARNING:
;   undefined function: MAKE-REDUCTIO-SUPPOSITION
; 
; compilation unit finished
;   Undefined functions:
;     APPLY-BACKWARDS-REASONS DISCHARGE-FORTUITOUS-REDUCTIO-INTERESTS DISCHARGE-RETROSPECTIVE-REDUCTIOS MAKE-REDUCTIO-SUPPOSITION
;   caught 4 STYLE-WARNING conditions

; in: DEFUN APPLY-BACKWARDS-REASONS
;     (REASON-BACKWARDS-FROM-DOMINANT-REASON-NODES INTEREST PRIORITY (1+ DEPTH)
;      D-NODE)
; 
; caught STYLE-WARNING:
;   undefined function: REASON-BACKWARDS-FROM-DOMINANT-REASON-NODES
; 
; compilation unit finished
;   Undefined function:
;     REASON-BACKWARDS-FROM-DOMINANT-REASON-NODES
;   caught 1 STYLE-WARNING condition

; in: DEFUN REASON-BACKWARDS-FROM-DOMINANT-REASON-NODES
;     (REASON-BACKWARDS-FROM-REASON-NODE INTEREST PRIORITY (1+ DEPTH) D-NODE)
; 
; caught STYLE-WARNING:
;   undefined function: REASON-BACKWARDS-FROM-REASON-NODE
; 
; compilation unit finished
;   Undefined function:
;     REASON-BACKWARDS-FROM-REASON-NODE
;   caught 1 STYLE-WARNING condition

; in: DEFUN REASON-BACKWARDS-FROM-REASON-NODE
;     (REASON-SUBSTANTIVELY-FROM-BACKWARDS-REASON REASON INTEREST (1+ DEPTH)
;      PRIORITY)
; 
; caught STYLE-WARNING:
;   undefined function: REASON-SUBSTANTIVELY-FROM-BACKWARDS-REASON
; 
; compilation unit finished
;   Undefined function:
;     REASON-SUBSTANTIVELY-FROM-BACKWARDS-REASON
;   caught 1 STYLE-WARNING condition

; in: DEFUN APPLY-DEGENERATE-BACKWARDS-REASONS
;     (REASON-DEGENERATELY-BACKWARDS-FROM-DOMINANT-REASON-NODES INTEREST PRIORITY
;      (1+ DEPTH) D-NODE)
; 
; caught STYLE-WARNING:
;   undefined function: REASON-DEGENERATELY-BACKWARDS-FROM-DOMINANT-REASON-NODES
; 
; compilation unit finished
;   Undefined function:
;     REASON-DEGENERATELY-BACKWARDS-FROM-DOMINANT-REASON-NODES
;   caught 1 STYLE-WARNING condition

; in: DEFUN REASON-DEGENERATELY-BACKWARDS-FROM-DOMINANT-REASON-NODES
;     (REASON-DEGENERATELY-BACKWARDS-FROM-REASON-NODE INTEREST PRIORITY (1+ DEPTH)
;      D-NODE)
; 
; caught STYLE-WARNING:
;   undefined function: REASON-DEGENERATELY-BACKWARDS-FROM-REASON-NODE
; 
; compilation unit finished
;   Undefined function:
;     REASON-DEGENERATELY-BACKWARDS-FROM-REASON-NODE
;   caught 1 STYLE-WARNING condition

; in: DEFUN REASON-DEGENERATELY-BACKWARDS-FROM-REASON-NODE
;     (REASON-SUBSTANTIVELY-FROM-BACKWARDS-REASON REASON INTEREST (1+ DEPTH)
;      PRIORITY)
; 
; caught STYLE-WARNING:
;   undefined function: REASON-SUBSTANTIVELY-FROM-BACKWARDS-REASON
; 
; compilation unit finished
;   Undefined function:
;     REASON-SUBSTANTIVELY-FROM-BACKWARDS-REASON
;   caught 1 STYLE-WARNING condition

; in: DEFUN REASON-SUBSTANTIVELY-FROM-BACKWARDS-REASON
;     (MAKE-BACKWARDS-INFERENCE REASON BINDING INTEREST (1+ DEPTH) PRIORITY NIL NIL
;      NIL SUPPOSITION)
; 
; caught STYLE-WARNING:
;   undefined function: MAKE-BACKWARDS-INFERENCE
; 
; compilation unit finished
;   Undefined function:
;     MAKE-BACKWARDS-INFERENCE
;   caught 1 STYLE-WARNING condition

; in: DEFUN MAKE-REDUCTIO-SUPPOSITION
;     (AUGMENT-INHERITED-NON-REDUCTIO-SUPPOSITIONS INTEREST)
; 
; caught STYLE-WARNING:
;   undefined function: AUGMENT-INHERITED-NON-REDUCTIO-SUPPOSITIONS

;     (CONVERT-NON-REDUCTIO-SUP SUP)
; 
; caught STYLE-WARNING:
;   undefined function: CONVERT-NON-REDUCTIO-SUP

;     (MAKE-NEW-REDUCTIO-SUPPOSITION INTEREST X I-LIST P C-VARS DEPTH)
; 
; caught STYLE-WARNING:
;   undefined function: MAKE-NEW-REDUCTIO-SUPPOSITION
; 
; compilation unit finished
;   Undefined functions:
;     AUGMENT-INHERITED-NON-REDUCTIO-SUPPOSITIONS CONVERT-NON-REDUCTIO-SUP MAKE-NEW-REDUCTIO-SUPPOSITION
;   caught 3 STYLE-WARNING conditions

; in: DEFUN AUGMENT-INHERITED-NON-REDUCTIO-SUPPOSITIONS
;     (NON-REDUCTIO-INTEREST-SUPPOSITION IN NODES INTERESTS)
; 
; caught STYLE-WARNING:
;   undefined function: NON-REDUCTIO-INTEREST-SUPPOSITION
; 
; compilation unit finished
;   Undefined function:
;     NON-REDUCTIO-INTEREST-SUPPOSITION
;   caught 1 STYLE-WARNING condition

; in: DEFUN MAKE-NEW-REDUCTIO-SUPPOSITION
;     (QUEUE-FOR-INFERENCE N)
; 
; caught STYLE-WARNING:
;   undefined function: QUEUE-FOR-INFERENCE

;     (START-REDUCTIO-INTERESTS N (1+ DEPTH) NIL)
; 
; caught STYLE-WARNING:
;   undefined function: START-REDUCTIO-INTERESTS
; 
; compilation unit finished
;   Undefined functions:
;     QUEUE-FOR-INFERENCE START-REDUCTIO-INTERESTS
;   caught 2 STYLE-WARNING conditions

; in: DEFUN CONVERT-NON-REDUCTIO-SUP
;     (RECOMPUTE-REDUCTIO-ANCESTORS SUP SUP)
; 
; caught STYLE-WARNING:
;   undefined function: RECOMPUTE-REDUCTIO-ANCESTORS

;     (START-REDUCTIO-INTERESTS SUP 0 NIL)
; 
; caught STYLE-WARNING:
;   undefined function: START-REDUCTIO-INTERESTS
; 
; compilation unit finished
;   Undefined functions:
;     RECOMPUTE-REDUCTIO-ANCESTORS START-REDUCTIO-INTERESTS
;   caught 2 STYLE-WARNING conditions

; in: DEFUN RECOMPUTE-REDUCTIO-ANCESTORS
;     (DISCHARGE-INTEREST-IN NODE
;      (C-LIST-CORRESPONDING-I-LISTS (HYPERNODE-C-LIST NODE)) 0 T 1 NIL NIL
;      :REDUCTIO-ONLY T)
; 
; caught STYLE-WARNING:
;   undefined function: DISCHARGE-INTEREST-IN
; 
; compilation unit finished
;   Undefined function:
;     DISCHARGE-INTEREST-IN
;   caught 1 STYLE-WARNING condition

; in: DEFUN DISCHARGE-INTEREST-SCHEME
;     (REASON-FROM-INTEREST-SCHEME NODE PRIORITY (1+ DEPTH) INTEREST-SCHEME)
; 
; caught STYLE-WARNING:
;   undefined function: REASON-FROM-INTEREST-SCHEME
; 
; compilation unit finished
;   Undefined function:
;     REASON-FROM-INTEREST-SCHEME
;   caught 1 STYLE-WARNING condition

; in: DEFUN REASON-FROM-INTEREST-SCHEME
;     (APPROPRIATELY-RELATED-SUPPOSITION NODE (IS-TARGET-INTEREST IS)
;      (IF (B-REASON-DISCHARGE (IS-REASON IS))
;          (CONS (REMOVE-DOUBLE-NEGATION (MATCH-SUBLIS # #)) (IS-SUPPOSITION IS))
;          (IS-SUPPOSITION IS))
;      (IS-SUPPOSITION-VARIABLES IS) UNIFIER)
; 
; caught STYLE-WARNING:
;   undefined function: APPROPRIATELY-RELATED-SUPPOSITION

;     (BINDING-UNIFIER BINDING0 (IS-BINDING IS) (IS-USED-PREMISE-VARIABLES IS) VARS
;      (IS-USED-VARIABLES IS))
; 
; caught STYLE-WARNING:
;   undefined function: BINDING-UNIFIER

;     (FUNCALL** (FP-CONDITION (IS-PREMISE IS)) NODE BINDING)
; 
; caught STYLE-WARNING:
;   undefined function: FUNCALL**

;     (MAKE-BACKWARDS-INFERENCE (IS-REASON IS) BINDING (IS-TARGET-INTEREST IS)
;      (1+ DEPTH) PRIORITY
;      (IF (FP-CLUE? (IS-PREMISE IS))
;          (IS-BASIS IS)
;          (CONS NODE (IS-BASIS IS)))
;      (IF (FP-CLUE? (IS-PREMISE IS))
;          (CONS NODE (IS-CLUES IS))
;          (IS-CLUES IS))
;      INSTANTIATIONS SUPPOSITION (IS-GENERATING-NODE IS))
; 
; caught STYLE-WARNING:
;   undefined function: MAKE-BACKWARDS-INFERENCE

;     (MERGE-UNIFIERS* UNIFIER U)
; 
; caught STYLE-WARNING:
;   undefined function: MERGE-UNIFIERS*

;     (RECTIFY-BINDING BINDING0 U* IS)
; 
; caught STYLE-WARNING:
;   undefined function: RECTIFY-BINDING

;     (REMOVE-DOUBLE-NEGATION
;      (MATCH-SUBLIS (IS-BINDING IS) (B-REASON-DISCHARGE (IS-REASON IS))))
; 
; caught STYLE-WARNING:
;   undefined function: REMOVE-DOUBLE-NEGATION
; 
; compilation unit finished
;   Undefined functions:
;     APPROPRIATELY-RELATED-SUPPOSITION BINDING-UNIFIER FUNCALL** MAKE-BACKWARDS-INFERENCE MERGE-UNIFIERS* RECTIFY-BINDING REMOVE-DOUBLE-NEGATION
;   caught 7 STYLE-WARNING conditions

; in: DEFUN MAKE-BACKWARDS-INFERENCE
;     (CONSTRUCT-INITIAL-INTEREST-LINK SUPPORTING-NODES INSTANTIATIONS REASON
;      INTEREST DEPTH PRIORITY BINDING SUPPOSITION :GENERATING-NODE GENERATING-NODE
;      :REMAINING-PREMISES ...)
; 
; caught STYLE-WARNING:
;   undefined function: CONSTRUCT-INITIAL-INTEREST-LINK

;     (DRAW-CONCLUSION (CAR P) SUPPORTING-NODES REASON INSTANTIATIONS
;      (REASON-DISCOUNT-FACTOR REASON) DEPTH NIL (CDR P) :BINDING BINDING :CLUES
;      ...)
; 
; caught STYLE-WARNING:
;   undefined function: DRAW-CONCLUSION
; 
; compilation unit finished
;   Undefined functions:
;     CONSTRUCT-INITIAL-INTEREST-LINK DRAW-CONCLUSION
;   caught 2 STYLE-WARNING conditions

; in: DEFUN CONSTRUCT-INITIAL-INTEREST-LINK
;     (COMPUTE-LINK-INTEREST LINK (BP-CONDITION1 PREMISE) (BP-CONDITION2 PREMISE)
;      (INTEREST-DEGREE-OF-INTEREST RESULTANT-INTEREST)
;      (INTEREST-MAXIMUM-DEGREE-OF-INTEREST RESULTANT-INTEREST) DEPTH PRIORITY
;      (APPEND NEW-VARS NEW-VARIABLES) (BP-TEXT-CONDITION PREMISE))
; 
; caught STYLE-WARNING:
;   undefined function: COMPUTE-LINK-INTEREST

;     (DISCHARGE-LINK LINK (1+ DEPTH)
;      (INTEREST-DEGREE-OF-INTEREST RESULTANT-INTEREST)
;      (INTEREST-PRIORITY (LINK-INTEREST LINK)) NIL)
; 
; caught STYLE-WARNING:
;   undefined function: DISCHARGE-LINK

;     (DRAW-CONCLUSION (CAR P) SUPPORTING-NODES REASON INSTANTIATIONS
;      (REASON-DISCOUNT-FACTOR REASON) DEPTH NIL (REASON-DEFEASIBLE-RULE REASON)
;      :BINDING NEW-BINDING :INTEREST ...)
; 
; caught STYLE-WARNING:
;   undefined function: DRAW-CONCLUSION

;     (FUNCALL** (BP-CONDITION1 (CAR REMAINING-PREMISES)) NIL NEW-BINDING)
; 
; caught STYLE-WARNING:
;   undefined function: FUNCALL**
; 
; compilation unit finished
;   Undefined functions:
;     COMPUTE-LINK-INTEREST DISCHARGE-LINK DRAW-CONCLUSION FUNCALL**
;   caught 4 STYLE-WARNING conditions

; in: DEFUN CONSTRUCT-INTEREST-LINK
;     (COMPUTE-LINK-INTEREST LINK (BP-CONDITION1 PREMISE) (BP-CONDITION2 PREMISE)
;      DEGREE MAX-DEGREE DEPTH PRIORITY (APPEND NEW-VARS NEW-VARIABLES)
;      (BP-TEXT-CONDITION PREMISE))
; 
; caught STYLE-WARNING:
;   undefined function: COMPUTE-LINK-INTEREST

;     (DISCHARGE-LINK LINK (1+ DEPTH)
;      (INTEREST-DEGREE-OF-INTEREST (LINK-RESULTANT-INTEREST LINK0)) PRIORITY
;      INTERESTS)
; 
; caught STYLE-WARNING:
;   undefined function: DISCHARGE-LINK

;     (DRAW-CONCLUSION (CAR P) (CONS NODE (LINK-SUPPORTING-NODES LINK0))
;      (LINK-RULE LINK0) INSTANTIATIONS (REASON-DISCOUNT-FACTOR (LINK-RULE LINK0))
;      DEPTH NIL (CDR P) :BINDING NEW-BINDING :INTEREST ...)
; 
; caught STYLE-WARNING:
;   undefined function: DRAW-CONCLUSION

;     (FUNCALL** (BP-CONDITION1 (CAR REMAINING-PREMISES)) NIL NEW-BINDING)
; 
; caught STYLE-WARNING:
;   undefined function: FUNCALL**
; 
; compilation unit finished
;   Undefined functions:
;     COMPUTE-LINK-INTEREST DISCHARGE-LINK DRAW-CONCLUSION FUNCALL**
;   caught 4 STYLE-WARNING conditions

; in: DEFUN COMPUTE-LINK-INTEREST
;     (CONSTRUCT-NEW-INTEREST-FOR LINK VARS CONDITION2 DEGREE MAX-DEGREE DEPTH
;      I-LIST TEXT-CONDITION)
; 
; caught STYLE-WARNING:
;   undefined function: CONSTRUCT-NEW-INTEREST-FOR

;     (INTEREST-FOR (LIST (LINK-SUPPOSITION LINK) (LINK-INTEREST-FORMULA LINK))
;      VARS CONDITION1 LINK)
; 
; caught STYLE-WARNING:
;   undefined function: INTEREST-FOR
; 
; compilation unit finished
;   Undefined functions:
;     CONSTRUCT-NEW-INTEREST-FOR INTEREST-FOR
;   caught 2 STYLE-WARNING conditions

; in: DEFUN DISCHARGE-LINK
;     (APPROPRIATELY-RELATED-SUPPOSITION NODE (LINK-INTEREST LINK)
;      (LINK-SUPPOSITION LINK) (INTEREST-SUPPOSITION-VARIABLES INTEREST) UNIFIER)
; 
; caught STYLE-WARNING:
;   undefined function: APPROPRIATELY-RELATED-SUPPOSITION

;     (CANCEL-INTEREST-IN INTEREST
;      (IF *TRACE*
;          DEPTH
;          0))
; 
; caught STYLE-WARNING:
;   undefined function: CANCEL-INTEREST-IN

;     (CANCEL-NODE SUP-NODE
;      (IF *TRACE*
;          DEPTH
;          0))
; 
; caught STYLE-WARNING:
;   undefined function: CANCEL-NODE

;     (DEDUCTIVE-IN NODE SUP-NODE)
; 
; caught STYLE-WARNING:
;   undefined function: DEDUCTIVE-IN

;     (DISPLAY-BELIEF-CHANGES *NEW-LINKS* DEDUCTIVE-NODES NIL)
; 
; caught STYLE-WARNING:
;   undefined function: DISPLAY-BELIEF-CHANGES

;     (DRAW-CONCLUSION (CAR P) (CONS NODE (LINK-SUPPORTING-NODES LINK)) REASON
;      INSTANTIATIONS (REASON-DISCOUNT-FACTOR REASON) DEPTH NIL (CDR P) :BINDING
;      BINDING :INTEREST ...)
; 
; caught STYLE-WARNING:
;   undefined function: DRAW-CONCLUSION

;     (MERGE-UNIFIERS* UNIFIER U)
; 
; caught STYLE-WARNING:
;   undefined function: MERGE-UNIFIERS*

;     (RE-QUEUE-INTEREST LINK PRIORITY (LINK-INTEREST LINK) DEGREE)
; 
; caught STYLE-WARNING:
;   undefined function: RE-QUEUE-INTEREST
; 
; compilation unit finished
;   Undefined functions:
;     APPROPRIATELY-RELATED-SUPPOSITION CANCEL-INTEREST-IN CANCEL-NODE DEDUCTIVE-IN DISPLAY-BELIEF-CHANGES DRAW-CONCLUSION MERGE-UNIFIERS* RE-QUEUE-INTEREST
;   caught 8 STYLE-WARNING conditions

; in: DEFUN RECORD-QUERY-ANSWERS
;     (CANCEL-INTEREST-IN (LINK-INTEREST LINK) 0)
; 
; caught STYLE-WARNING:
;   undefined function: CANCEL-INTEREST-IN
; 
; compilation unit finished
;   Undefined function:
;     CANCEL-INTEREST-IN
;   caught 1 STYLE-WARNING condition

; in: DEFUN CONSTRUCT-NEW-INTEREST-FOR
;     (COMPUTE-INTEREST-SUPPOSITION-NODES INTEREST)
; 
; caught STYLE-WARNING:
;   undefined function: COMPUTE-INTEREST-SUPPOSITION-NODES
; 
; compilation unit finished
;   Undefined function:
;     COMPUTE-INTEREST-SUPPOSITION-NODES
;   caught 1 STYLE-WARNING condition

; in: DEFUN RE-QUEUE-INTEREST
;     (QUEUE-INTEREST INTEREST
;      (INTEREST-LINK-PRIORITY LINK INTEREST-PRIORITY INTEREST))
; 
; caught STYLE-WARNING:
;   undefined function: QUEUE-INTEREST
; 
; compilation unit finished
;   Undefined function:
;     QUEUE-INTEREST
;   caught 1 STYLE-WARNING condition

; in: DEFUN VALIDATING-NODE
;     (APPROPRIATELY-RELATED-SUPPOSITIONS C INTEREST UNIFIER)
; 
; caught STYLE-WARNING:
;   undefined function: APPROPRIATELY-RELATED-SUPPOSITIONS
; 
; compilation unit finished
;   Undefined function:
;     APPROPRIATELY-RELATED-SUPPOSITIONS
;   caught 1 STYLE-WARNING condition

; in: DEFUN REASON-FORWARDS-FROM
;     (ADOPT-REDUCTIO-INTEREST NODE (1+ DEPTH) NIL)
; 
; caught STYLE-WARNING:
;   undefined function: ADOPT-REDUCTIO-INTEREST

;     (APPLY-FORWARDS-REASONS NODE DEPTH)
; 
; caught STYLE-WARNING:
;   undefined function: APPLY-FORWARDS-REASONS

;     (DISCHARGE-DELAYED-REDUCTIOS NODE DEPTH NIL)
; 
; caught STYLE-WARNING:
;   undefined function: DISCHARGE-DELAYED-REDUCTIOS

;     (DISCHARGE-INTEREST-IN NODE I-LISTS 0 T DEPTH NIL)
; 
; caught STYLE-WARNING:
;   undefined function: DISCHARGE-INTEREST-IN

;     (DISCHARGE-INTEREST-SCHEMES NODE 0 (1+ DEPTH))
; 
; caught STYLE-WARNING:
;   undefined function: DISCHARGE-INTEREST-SCHEMES
; 
; compilation unit finished
;   Undefined functions:
;     ADOPT-REDUCTIO-INTEREST APPLY-FORWARDS-REASONS DISCHARGE-DELAYED-REDUCTIOS DISCHARGE-INTEREST-IN DISCHARGE-INTEREST-SCHEMES
;   caught 5 STYLE-WARNING conditions

; in: DEFUN APPLY-FORWARDS-REASONS
;     (REASON-FROM-DOMINANT-PREMISE-NODES NODE D-NODE DEPTH)
; 
; caught STYLE-WARNING:
;   undefined function: REASON-FROM-DOMINANT-PREMISE-NODES
; 
; compilation unit finished
;   Undefined function:
;     REASON-FROM-DOMINANT-PREMISE-NODES
;   caught 1 STYLE-WARNING condition

; in: DEFUN APPLY-FORWARDS-DEFEASIBLE-REASONS
;     (REASON-DEFEASIBLY-FROM-DOMINANT-PREMISE-NODES NODE D-NODE)
; 
; caught STYLE-WARNING:
;   undefined function: REASON-DEFEASIBLY-FROM-DOMINANT-PREMISE-NODES
; 
; compilation unit finished
;   Undefined function:
;     REASON-DEFEASIBLY-FROM-DOMINANT-PREMISE-NODES
;   caught 1 STYLE-WARNING condition

; in: DEFUN REASON-FROM-DOMINANT-PREMISE-NODES
;     (REASON-FROM-INSTANTIATED-PREMISES NODE D-NODE DEPTH)
; 
; caught STYLE-WARNING:
;   undefined function: REASON-FROM-INSTANTIATED-PREMISES
; 
; compilation unit finished
;   Undefined function:
;     REASON-FROM-INSTANTIATED-PREMISES
;   caught 1 STYLE-WARNING condition

; in: DEFUN REASON-DEFEASIBLY-FROM-DOMINANT-PREMISE-NODES
;     (REASON-DEFEASIBLY-FROM-INSTANTIATED-PREMISES NODE D-NODE)
; 
; caught STYLE-WARNING:
;   undefined function: REASON-DEFEASIBLY-FROM-INSTANTIATED-PREMISES
; 
; compilation unit finished
;   Undefined function:
;     REASON-DEFEASIBLY-FROM-INSTANTIATED-PREMISES
;   caught 1 STYLE-WARNING condition

; in: DEFUN REASON-FROM-INSTANTIATED-PREMISES
;     (REASON-SUBSTANTIVELY-FROM-FIRST-INSTANTIATED-PREMISE NODE DEPTH IP)
; 
; caught STYLE-WARNING:
;   undefined function: REASON-SUBSTANTIVELY-FROM-FIRST-INSTANTIATED-PREMISE

;     (REASON-SUBSTANTIVELY-FROM-NON-INITIAL-INSTANTIATED-PREMISE NIL DEPTH IP NODE)
; 
; caught STYLE-WARNING:
;   undefined function: REASON-SUBSTANTIVELY-FROM-NON-INITIAL-INSTANTIATED-PREMISE
; 
; compilation unit finished
;   Undefined functions:
;     REASON-SUBSTANTIVELY-FROM-FIRST-INSTANTIATED-PREMISE REASON-SUBSTANTIVELY-FROM-NON-INITIAL-INSTANTIATED-PREMISE
;   caught 2 STYLE-WARNING conditions

; in: DEFUN REASON-DEFEASIBLY-FROM-INSTANTIATED-PREMISES
;     (REASON-SUBSTANTIVELY-FROM-FIRST-INSTANTIATED-PREMISE NODE 0 IP)
; 
; caught STYLE-WARNING:
;   undefined function: REASON-SUBSTANTIVELY-FROM-FIRST-INSTANTIATED-PREMISE

;     (REASON-SUBSTANTIVELY-FROM-NON-INITIAL-INSTANTIATED-PREMISE NIL 0 IP NODE)
; 
; caught STYLE-WARNING:
;   undefined function: REASON-SUBSTANTIVELY-FROM-NON-INITIAL-INSTANTIATED-PREMISE
; 
; compilation unit finished
;   Undefined functions:
;     REASON-SUBSTANTIVELY-FROM-FIRST-INSTANTIATED-PREMISE REASON-SUBSTANTIVELY-FROM-NON-INITIAL-INSTANTIATED-PREMISE
;   caught 2 STYLE-WARNING conditions

; in: DEFUN REASON-SUBSTANTIVELY-FROM-FIRST-INSTANTIATED-PREMISE
;     (MAKE-FORWARDS-INFERENCE BINDING
;      (IF (NOT (CLUE? (IP-PREMISE IP)))
;          (LIST INSTANTIATION))
;      (IF (NOT (CLUE? (IP-PREMISE IP)))
;          (LIST NODE))
;      (IF (CLUE? (IP-PREMISE IP))
;          (LIST NODE))
;      DEPTH IP)
; 
; caught STYLE-WARNING:
;   undefined function: MAKE-FORWARDS-INFERENCE

;     (REASON-FROM-SUBSIDIARY-C-LISTS DN DEPTH IP*)
; 
; caught STYLE-WARNING:
;   undefined function: REASON-FROM-SUBSIDIARY-C-LISTS
; 
; compilation unit finished
;   Undefined functions:
;     MAKE-FORWARDS-INFERENCE REASON-FROM-SUBSIDIARY-C-LISTS
;   caught 2 STYLE-WARNING conditions

; in: DEFUN REASON-FROM-SUBSIDIARY-C-LISTS
;     (REASON-SUBSTANTIVELY-FROM-NON-INITIAL-INSTANTIATED-PREMISE C-LIST DEPTH IP)
; 
; caught STYLE-WARNING:
;   undefined function: REASON-SUBSTANTIVELY-FROM-NON-INITIAL-INSTANTIATED-PREMISE
; 
; compilation unit finished
;   Undefined function:
;     REASON-SUBSTANTIVELY-FROM-NON-INITIAL-INSTANTIATED-PREMISE
;   caught 1 STYLE-WARNING condition

; in: DEFUN REASON-SUBSTANTIVELY-FROM-NON-INITIAL-INSTANTIATED-PREMISE
;     (BINDING-UNIFIER BINDING0 (IP-BINDING IP) (IP-USED-PREMISE-VARIABLES IP) VARS
;      (IP-USED-VARIABLES IP))
; 
; caught STYLE-WARNING:
;   undefined function: BINDING-UNIFIER

;     (MAKE-FORWARDS-INFERENCE BINDING INSTANTIATIONS
;      (IF (CLUE? (IP-PREMISE IP))
;          (IP-BASIS IP)
;          (CONS NODE (IP-BASIS IP)))
;      (IF (CLUE? (IP-PREMISE IP))
;          (CONS NODE (IP-CLUES IP)))
;      DEPTH IP)
; 
; caught STYLE-WARNING:
;   undefined function: MAKE-FORWARDS-INFERENCE

;     (RECTIFY-BINDING BINDING0 UNIFIER IP)
; 
; caught STYLE-WARNING:
;   undefined function: RECTIFY-BINDING
; 
; compilation unit finished
;   Undefined functions:
;     BINDING-UNIFIER MAKE-FORWARDS-INFERENCE RECTIFY-BINDING
;   caught 3 STYLE-WARNING conditions

; in: DEFUN MAKE-FORWARDS-INFERENCE
;     (DRAW-CONCLUSION (CAR FORMULA) (CONS DEDUCTIVE-NODE BASIS) (IP-REASON IP)
;      (CONS T INSTANTIATIONS) 1 DEPTH NIL (CDR FORMULA) :BINDING BINDING :CLUES
;      ...)
; 
; caught STYLE-WARNING:
;   undefined function: DRAW-CONCLUSION
; 
; compilation unit finished
;   Undefined function:
;     DRAW-CONCLUSION
;   caught 1 STYLE-WARNING condition

; in: DEFUN ADOPT-INTEREST
;     (CANCEL-NODE SUP-NODE 0)
; 
; caught STYLE-WARNING:
;   undefined function: CANCEL-NODE

;     (CONSTRUCT-NEW-INTEREST-FOR-SEQUENT S DEGREE DEGREE)
; 
; caught STYLE-WARNING:
;   undefined function: CONSTRUCT-NEW-INTEREST-FOR-SEQUENT

;     (DEDUCTIVE-IN CONCLUSION SUP-NODE)
; 
; caught STYLE-WARNING:
;   undefined function: DEDUCTIVE-IN
; 
; compilation unit finished
;   Undefined functions:
;     CANCEL-NODE CONSTRUCT-NEW-INTEREST-FOR-SEQUENT DEDUCTIVE-IN
;   caught 3 STYLE-WARNING conditions

; in: DEFUN INVERT-CONTRADICTION
;     (DRAW-CONCLUSION REBUTTING-DEFEATER (ADJOIN NODE* (REMOVE N D))
;      (READ-FROM-STRING
;       (CAT-LIST
;        (LIST ":inversion_from_contradictory_nodes_" (STRING-REP #) "_and_"
;              (STRING-REP #))))
;      NIL 1 (1+ DEPTH) NIL NIL :MOTIVATORS (LIST NODE) :SUPPOSITION ...)
; 
; caught STYLE-WARNING:
;   undefined function: DRAW-CONCLUSION
; 
; compilation unit finished
;   Undefined function:
;     DRAW-CONCLUSION
;   caught 1 STYLE-WARNING condition

; in: DEFUN INVERT-CONTRADICTIONS-FROM-NEW-HYPERLINK
;     (DEDUCTIVE-CONSEQUENCES TARGET)
; 
; caught STYLE-WARNING:
;   undefined function: DEDUCTIVE-CONSEQUENCES
; 
; compilation unit finished
;   Undefined function:
;     DEDUCTIVE-CONSEQUENCES
;   caught 1 STYLE-WARNING condition

; in: DEFUN CANCEL-SUBSUMED-LINKS
;     (DELETE-ARGUMENTS L M LINK DEPTH)
; 
; caught STYLE-WARNING:
;   undefined function: DELETE-ARGUMENTS

;     (LINK-ANCESTOR L LINK)
; 
; caught STYLE-WARNING:
;   undefined function: LINK-ANCESTOR
; 
; compilation unit finished
;   Undefined functions:
;     DELETE-ARGUMENTS LINK-ANCESTOR
;   caught 2 STYLE-WARNING conditions

; in: DEFUN DELETE-ARGUMENTS
;     (CANCEL-NODE NODE
;      (IF *TRACE*
;          DEPTH
;          0))
; 
; caught STYLE-WARNING:
;   undefined function: CANCEL-NODE

;     (LINK-ANCESTOR LINK L0)
; 
; caught STYLE-WARNING:
;   undefined function: LINK-ANCESTOR

;     (RECURSIVELY-COMPUTE-HYPERNODE-ANCESTORS NODE ANCESTORS)
; 
; caught STYLE-WARNING:
;   undefined function: RECURSIVELY-COMPUTE-HYPERNODE-ANCESTORS

;     (RECURSIVELY-COMPUTE-NEAREST-DEFEASIBLE-ANCESTORS NODE)
; 
; caught STYLE-WARNING:
;   undefined function: RECURSIVELY-COMPUTE-NEAREST-DEFEASIBLE-ANCESTORS
; 
; compilation unit finished
;   Undefined functions:
;     CANCEL-NODE LINK-ANCESTOR RECURSIVELY-COMPUTE-HYPERNODE-ANCESTORS RECURSIVELY-COMPUTE-NEAREST-DEFEASIBLE-ANCESTORS
;   caught 4 STYLE-WARNING conditions

; in: DEFUN DRAW-CONCLUSION
;     (ADOPT-INTEREST-IN-DEFEATERS-FOR HYPERLINK INSTANTIATIONS BINDING)
; 
; caught STYLE-WARNING:
;   undefined function: ADOPT-INTEREST-IN-DEFEATERS-FOR

;     (BUILD-HYPERLINK BASIS CLUES RULE DISCOUNT NODE NDA BINDING LINK
;      INSTANTIATIONS DEPTH DEFEASIBLE?)
; 
; caught STYLE-WARNING:
;   undefined function: BUILD-HYPERLINK

;     (CANCEL-NODE NODE*
;      (IF *TRACE*
;          DEPTH
;          0))
; 
; caught STYLE-WARNING:
;   undefined function: CANCEL-NODE

;     (COMPUTE-NEAREST-DEFEASIBLE-ANCESTORS BASIS RULE)
; 
; caught STYLE-WARNING:
;   undefined function: COMPUTE-NEAREST-DEFEASIBLE-ANCESTORS

;     (CONCLUSION-DATA BASIS INSTANTIATIONS DISCHARGE SUPPOSITION)
; 
; caught STYLE-WARNING:
;   undefined function: CONCLUSION-DATA

;     (DISCHARGE-IMMEDIATE-REDUCTIOS NODE OLD-DEGREE NEW-NODE? (1+ DEPTH) INTERESTS
;      INTEREST)
; 
; caught STYLE-WARNING:
;   undefined function: DISCHARGE-IMMEDIATE-REDUCTIOS

;     (DISCHARGE-INTEREST-IN NODE I-LISTS OLD-DEGREE NEW-NODE? (1+ DEPTH) INTERESTS
;      INTEREST)
; 
; caught STYLE-WARNING:
;   undefined function: DISCHARGE-INTEREST-IN

;     (DISCHARGE-INTEREST-IN-DEFEATERS NODE I-LISTS OLD-DEGREE NEW-NODE?)
; 
; caught STYLE-WARNING:
;   undefined function: DISCHARGE-INTEREST-IN-DEFEATERS

;     (INCONSISTENT-SUPPOSITION BASIS)
; 
; caught STYLE-WARNING:
;   undefined function: INCONSISTENT-SUPPOSITION

;     (MAKE-NEW-CONCLUSION SEQUENT DEDUCTIVE-ONLY RA NR)
; 
; caught STYLE-WARNING:
;   undefined function: MAKE-NEW-CONCLUSION

;     (SUBSUMED NODE BASIS SEQUENT NDA NR RULE BINDING D-NODE)
; 
; caught STYLE-WARNING:
;   undefined function: SUBSUMED
; 
; compilation unit finished
;   Undefined functions:
;     ADOPT-INTEREST-IN-DEFEATERS-FOR BUILD-HYPERLINK CANCEL-NODE COMPUTE-NEAREST-DEFEASIBLE-ANCESTORS CONCLUSION-DATA DISCHARGE-IMMEDIATE-REDUCTIOS DISCHARGE-INTEREST-IN DISCHARGE-INTEREST-IN-DEFEATERS INCONSISTENT-SUPPOSITION MAKE-NEW-CONCLUSION SUBSUMED
;   caught 11 STYLE-WARNING conditions

; in: DEFUN POTENT-SUPPOSITIONS
;     (BASE-REDUCTIO-SUPPOSITION (CDR X))
; 
; caught STYLE-WARNING:
;   undefined function: BASE-REDUCTIO-SUPPOSITION
; 
; compilation unit finished
;   Undefined function:
;     BASE-REDUCTIO-SUPPOSITION
;   caught 1 STYLE-WARNING condition

; in: DEFUN BUILD-HYPERLINK
;     (ADD-HYPERLINK LINK NODE DEPTH)
; 
; caught STYLE-WARNING:
;   undefined function: ADD-HYPERLINK

;     (NON-CIRCULAR (HYPERNODE-SEQUENT NODE) ANCESTORS)
; 
; caught STYLE-WARNING:
;   undefined function: NON-CIRCULAR

;     (RECURSIVELY-COMPUTE-HYPERNODE-ANCESTORS NODE ANCESTORS)
; 
; caught STYLE-WARNING:
;   undefined function: RECURSIVELY-COMPUTE-HYPERNODE-ANCESTORS

;     (RECURSIVELY-COMPUTE-NEAREST-DEFEASIBLE-ANCESTORS NODE)
; 
; caught STYLE-WARNING:
;   undefined function: RECURSIVELY-COMPUTE-NEAREST-DEFEASIBLE-ANCESTORS
; 
; compilation unit finished
;   Undefined functions:
;     ADD-HYPERLINK NON-CIRCULAR RECURSIVELY-COMPUTE-HYPERNODE-ANCESTORS RECURSIVELY-COMPUTE-NEAREST-DEFEASIBLE-ANCESTORS
;   caught 4 STYLE-WARNING conditions

; in: DEFUN ADD-HYPERLINK
;     (ADJUST-SUPPORT-FOR-CONSEQUENCES NODE OLD-DEGREE DEPTH)
; 
; caught STYLE-WARNING:
;   undefined function: ADJUST-SUPPORT-FOR-CONSEQUENCES
; 
; compilation unit finished
;   Undefined function:
;     ADJUST-SUPPORT-FOR-CONSEQUENCES
;   caught 1 STYLE-WARNING condition

; in: DEFUN ADJUST-SUPPORT-FOR-CONSEQUENCES
;     (DISCHARGE-IMMEDIATE-REDUCTIOS N OLD-DEGREE NIL (1+ DEPTH) NIL NIL)
; 
; caught STYLE-WARNING:
;   undefined function: DISCHARGE-IMMEDIATE-REDUCTIOS

;     (DISCHARGE-INTEREST-IN N I-LISTS OLD-DEGREE (1+ DEPTH) NIL NIL)
; 
; caught STYLE-WARNING:
;   undefined function: DISCHARGE-INTEREST-IN

;     (DISCHARGE-INTEREST-IN-DEFEATERS N I-LISTS OLD-DEGREE NIL)
; 
; caught STYLE-WARNING:
;   undefined function: DISCHARGE-INTEREST-IN-DEFEATERS

;     (DISCHARGE-INTEREST-SCHEMES N OLD-DEGREE (1+ DEPTH))
; 
; caught STYLE-WARNING:
;   undefined function: DISCHARGE-INTEREST-SCHEMES

;     (DISCHARGE-REDUCTIOS N OLD-DEGREE (1+ DEPTH) NIL)
; 
; caught STYLE-WARNING:
;   undefined function: DISCHARGE-REDUCTIOS
; 
; compilation unit finished
;   Undefined functions:
;     DISCHARGE-IMMEDIATE-REDUCTIOS DISCHARGE-INTEREST-IN DISCHARGE-INTEREST-IN-DEFEATERS DISCHARGE-INTEREST-SCHEMES DISCHARGE-REDUCTIOS
;   caught 5 STYLE-WARNING conditions

; in: DEFUN START-REDUCTIO-INTERESTS
;     (GENERATE-REDUCTIO-INTERESTS C (1+ DEPTH) INTERESTS)
; 
; caught STYLE-WARNING:
;   undefined function: GENERATE-REDUCTIO-INTERESTS
; 
; compilation unit finished
;   Undefined function:
;     GENERATE-REDUCTIO-INTERESTS
;   caught 1 STYLE-WARNING condition

; in: DEFUN ADOPT-REDUCTIO-INTEREST
;     (GENERATE-REDUCTIO-INTERESTS NODE DEPTH D-INTERESTS)
; 
; caught STYLE-WARNING:
;   undefined function: GENERATE-REDUCTIO-INTERESTS
; 
; compilation unit finished
;   Undefined function:
;     GENERATE-REDUCTIO-INTERESTS
;   caught 1 STYLE-WARNING condition

; in: DEFUN GENERATE-REDUCTIO-INTERESTS
;     (CHANGE-TO-REDUCTIO-INTEREST INTEREST DEPTH D-INTERESTS)
; 
; caught STYLE-WARNING:
;   undefined function: CHANGE-TO-REDUCTIO-INTEREST

;     (QUEUE-INTEREST INTEREST PRIORITY)
; 
; caught STYLE-WARNING:
;   undefined function: QUEUE-INTEREST
; 
; compilation unit finished
;   Undefined functions:
;     CHANGE-TO-REDUCTIO-INTEREST QUEUE-INTEREST
;   caught 2 STYLE-WARNING conditions

; in: DEFUN CHANGE-TO-REDUCTIO-INTEREST
;     (DISCHARGE-NEW-REDUCTIO-INTEREST INTEREST (1+ DEPTH) D-INTERESTS)
; 
; caught STYLE-WARNING:
;   undefined function: DISCHARGE-NEW-REDUCTIO-INTEREST
; 
; compilation unit finished
;   Undefined function:
;     DISCHARGE-NEW-REDUCTIO-INTEREST
;   caught 1 STYLE-WARNING condition

; in: DEFUN DISCHARGE-IMMEDIATE-REDUCTIOS
;     (DRAW-REDUCTIO-CONCLUSION P NODE NODE* R Y Y* RA NR INTEREST UNIFIER*
;      (1+ DEPTH) ...)
; 
; caught STYLE-WARNING:
;   undefined function: DRAW-REDUCTIO-CONCLUSION
; 
; compilation unit finished
;   Undefined function:
;     DRAW-REDUCTIO-CONCLUSION
;   caught 1 STYLE-WARNING condition

; in: DEFUN DISCHARGE-DELAYED-REDUCTIOS
;     (DRAW-REDUCTIO-CONCLUSION P NODE NODE* R Y Y* RA NR INTEREST UNIFIER*
;      (1+ DEPTH) ...)
; 
; caught STYLE-WARNING:
;   undefined function: DRAW-REDUCTIO-CONCLUSION
; 
; compilation unit finished
;   Undefined function:
;     DRAW-REDUCTIO-CONCLUSION
;   caught 1 STYLE-WARNING condition

; in: DEFUN DISCHARGE-NEW-REDUCTIO-INTEREST
;     (DRAW-REDUCTIO-CONCLUSION P NODE NODE* R Y Y* RA NR INTEREST UNIFIER*
;      (1+ DEPTH) ...)
; 
; caught STYLE-WARNING:
;   undefined function: DRAW-REDUCTIO-CONCLUSION
; 
; compilation unit finished
;   Undefined function:
;     DRAW-REDUCTIO-CONCLUSION
;   caught 1 STYLE-WARNING condition

; in: DEFUN DISCHARGE-REDUCTIOS
;     (DRAW-REDUCTIO-CONCLUSION P NODE NODE* R Y Y* RA NR INTEREST UNIFIER*
;      (1+ DEPTH) ...)
; 
; caught STYLE-WARNING:
;   undefined function: DRAW-REDUCTIO-CONCLUSION
; 
; compilation unit finished
;   Undefined function:
;     DRAW-REDUCTIO-CONCLUSION
;   caught 1 STYLE-WARNING condition

; in: DEFUN DISCHARGE-RETROSPECTIVE-REDUCTIOS
;     (DRAW-REDUCTIO-CONCLUSION P C NODE R Y Y* RA NR INTEREST UNIFIER* (1+ DEPTH)
;      ...)
; 
; caught STYLE-WARNING:
;   undefined function: DRAW-REDUCTIO-CONCLUSION
; 
; compilation unit finished
;   Undefined function:
;     DRAW-REDUCTIO-CONCLUSION
;   caught 1 STYLE-WARNING condition

; in: DEFUN DRAW-REDUCTIO-CONCLUSION
;     (DISCHARGE-INTEREST-IN N-CONCLUSION I-LISTS OLD-DEGREE NEW-NODE? (1+ DEPTH)
;      D-INTERESTS)
; 
; caught STYLE-WARNING:
;   undefined function: DISCHARGE-INTEREST-IN

;     (DISCHARGE-INTEREST-IN-DEFEATERS N-CONCLUSION I-LISTS OLD-DEGREE NEW-NODE?)
; 
; caught STYLE-WARNING:
;   undefined function: DISCHARGE-INTEREST-IN-DEFEATERS
; 
; compilation unit finished
;   Undefined functions:
;     DISCHARGE-INTEREST-IN DISCHARGE-INTEREST-IN-DEFEATERS
;   caught 2 STYLE-WARNING conditions

; in: DEFUN ADOPT-INTEREST-IN-DEFEATERS-FOR
;     (ADOPT-INTEREST-IN-Q&I-DEFEATERS-FOR
;      (HYPERNODE-SEQUENT (HYPERLINK-TARGET LINK)))
; 
; caught STYLE-WARNING:
;   undefined function: ADOPT-INTEREST-IN-Q&I-DEFEATERS-FOR

;     (MAKE-REBUTTING-DEFEATER VARIABLES BASE FORMULA NEW-SUP ANTECEDENT* LINK)
; 
; caught STYLE-WARNING:
;   undefined function: MAKE-REBUTTING-DEFEATER

;     (MAKE-UNDERCUTTING-DEFEATER BASE FORMULA NEW-SUP ANTECEDENT* LINK
;      REVERSE-BINDING*)
; 
; caught STYLE-WARNING:
;   undefined function: MAKE-UNDERCUTTING-DEFEATER

;     (QUEUE-DEFEATER-SUPPOSITION SUP)
; 
; caught STYLE-WARNING:
;   undefined function: QUEUE-DEFEATER-SUPPOSITION
; 
; compilation unit finished
;   Undefined functions:
;     ADOPT-INTEREST-IN-Q&I-DEFEATERS-FOR MAKE-REBUTTING-DEFEATER MAKE-UNDERCUTTING-DEFEATER QUEUE-DEFEATER-SUPPOSITION
;   caught 4 STYLE-WARNING conditions

; in: DEFUN MAKE-UNDERCUTTING-DEFEATER
;     (INSTANTIATE-DEFEATER UNDERCUTTING-INTEREST DEFEATER ANTECEDENT* LINK
;      REVERSE-BINDING)
; 
; caught STYLE-WARNING:
;   undefined function: INSTANTIATE-DEFEATER
; 
; compilation unit finished
;   Undefined function:
;     INSTANTIATE-DEFEATER
;   caught 1 STYLE-WARNING condition

; in: DEFUN MAKE-REBUTTING-DEFEATER
;     (QUEUE-INTEREST REBUTTING-INTEREST PRIORITY)
; 
; caught STYLE-WARNING:
;   undefined function: QUEUE-INTEREST
; 
; compilation unit finished
;   Undefined function:
;     QUEUE-INTEREST
;   caught 1 STYLE-WARNING condition

; in: DEFUN QUEUE-DEFEATER-SUPPOSITION
;     (QUEUE-NON-REDUCTIO-DEFEATER-SUPPOSITION SUP)
; 
; caught STYLE-WARNING:
;   undefined function: QUEUE-NON-REDUCTIO-DEFEATER-SUPPOSITION
; 
; compilation unit finished
;   Undefined function:
;     QUEUE-NON-REDUCTIO-DEFEATER-SUPPOSITION
;   caught 1 STYLE-WARNING condition

; in: DEFUN QUEUE-NON-REDUCTIO-DEFEATER-SUPPOSITION
;     (DISCHARGE-INTEREST-IN NODE
;      (C-LIST-CORRESPONDING-I-LISTS (HYPERNODE-C-LIST NODE)) NIL T 1 NIL)
; 
; caught STYLE-WARNING:
;   undefined function: DISCHARGE-INTEREST-IN
; 
; compilation unit finished
;   Undefined function:
;     DISCHARGE-INTEREST-IN
;   caught 1 STYLE-WARNING condition

; in: DEFUN DEFEATS
;     (REBUTS SEQUENT1 SEQUENT2)
; 
; caught STYLE-WARNING:
;   undefined function: REBUTS

;     (UNDERCUTS SEQUENT1 BASIS SEQUENT2)
; 
; caught STYLE-WARNING:
;   undefined function: UNDERCUTS
; 
; compilation unit finished
;   Undefined functions:
;     REBUTS UNDERCUTS
;   caught 2 STYLE-WARNING conditions

; file: /home/martin/Desktop/OSCAR/lisp-sbcl/oscar.lisp
; in: DEFUN DISCHARGE-INTEREST-IN
;     (DEFUN DISCHARGE-INTEREST-IN
;            (NODE CORRESPONDING-I-LISTS OLD-DEGREE NEW? DEPTH INTERESTS
;             &OPTIONAL INTEREST
;             &KEY REDUCTIO-ONLY)
;       (LET ((DEGREE (CURRENT-MAXIMAL-DEGREE-OF-JUSTIFICATION NODE)))
;         (WHEN (OR NEW? (> DEGREE OLD-DEGREE))
;           (WHEN (EVERY #'# CORRESPONDING-I-LISTS) (SETF #) (DOLIST # #)))))
; 
; caught STYLE-WARNING:
;   &OPTIONAL and &KEY found in the same lambda list: (NODE CORRESPONDING-I-LISTS
;                                                      OLD-DEGREE NEW? DEPTH
;                                                      INTERESTS &OPTIONAL INTEREST
;                                                      &KEY REDUCTIO-ONLY)

; in: DEFUN DISCHARGE-INTEREST-IN
;     (CANCEL-INTEREST-IN N
;      (IF *TRACE*
;          DEPTH
;          0))
; 
; caught STYLE-WARNING:
;   undefined function: CANCEL-INTEREST-IN

;     (CANCEL-NODE SUP-NODE
;      (IF *TRACE*
;          DEPTH
;          0))
; 
; caught STYLE-WARNING:
;   undefined function: CANCEL-NODE

;     (DEDUCTIVE-IN NODE SUP-NODE)
; 
; caught STYLE-WARNING:
;   undefined function: DEDUCTIVE-IN

;     (DISCHARGE-APPROPRIATELY-RELATED-LINK LINK U* DEGREE NEW? OLD-DEGREE N NODE
;      DEPTH (CONS N INTERESTS))
; 
; caught STYLE-WARNING:
;   undefined function: DISCHARGE-APPROPRIATELY-RELATED-LINK
; 
; compilation unit finished
;   Undefined functions:
;     CANCEL-INTEREST-IN CANCEL-NODE DEDUCTIVE-IN DISCHARGE-APPROPRIATELY-RELATED-LINK
;   caught 5 STYLE-WARNING conditions

; in: DEFUN DISCHARGE-APPROPRIATELY-RELATED-LINK
;     (DISPLAY-BELIEF-CHANGES *NEW-LINKS* DEDUCTIVE-NODES NIL)
; 
; caught STYLE-WARNING:
;   undefined function: DISPLAY-BELIEF-CHANGES
; 
; compilation unit finished
;   Undefined function:
;     DISPLAY-BELIEF-CHANGES
;   caught 1 STYLE-WARNING condition

; in: DEFUN DEDUCTIVE-IN
;     (DEDUCTIVE-LINK L)
; 
; caught STYLE-WARNING:
;   undefined function: DEDUCTIVE-LINK
; 
; compilation unit finished
;   Undefined function:
;     DEDUCTIVE-LINK
;   caught 1 STYLE-WARNING condition

; in: DEFUN CANCEL-NODE
;     (CANCEL-INTEREST IN (1+ DEPTH))
; 
; caught STYLE-WARNING:
;   undefined function: CANCEL-INTEREST

;     (CANCEL-INTEREST-IN-NODE N (1+ DEPTH))
; 
; caught STYLE-WARNING:
;   undefined function: CANCEL-INTEREST-IN-NODE

;     (COMPUTE-DEPENDENCIES-FROM-NODE NODE)
; 
; caught STYLE-WARNING:
;   undefined function: COMPUTE-DEPENDENCIES-FROM-NODE
; 
; compilation unit finished
;   Undefined functions:
;     CANCEL-INTEREST CANCEL-INTEREST-IN-NODE COMPUTE-DEPENDENCIES-FROM-NODE
;   caught 3 STYLE-WARNING conditions

; in: DEFUN CANCEL-INTEREST-IN
;     (CANCEL-INTEREST IN (1+ DEPTH))
; 
; caught STYLE-WARNING:
;   undefined function: CANCEL-INTEREST

;     (CANCEL-INTEREST-IN-NODE N (1+ DEPTH))
; 
; caught STYLE-WARNING:
;   undefined function: CANCEL-INTEREST-IN-NODE

;     (COMPUTE-DEPENDENCIES INTEREST)
; 
; caught STYLE-WARNING:
;   undefined function: COMPUTE-DEPENDENCIES
; 
; compilation unit finished
;   Undefined functions:
;     CANCEL-INTEREST CANCEL-INTEREST-IN-NODE COMPUTE-DEPENDENCIES
;   caught 3 STYLE-WARNING conditions

; in: DEFUN COMPUTE-INTEREST-DEPENDENCIES
;     (COMPUTE-HYPERNODE-DEPENDENCIES S (1+ INDENT) "generated-supposition: ")
; 
; caught STYLE-WARNING:
;   undefined function: COMPUTE-HYPERNODE-DEPENDENCIES
; 
; compilation unit finished
;   Undefined function:
;     COMPUTE-HYPERNODE-DEPENDENCIES
;   caught 1 STYLE-WARNING condition

; in: DEFUN COMPUTE-DEPENDENCIES-FROM-NODE
;     (ANCHOR-HYPERNODE-RELATIVE-TO-NODE N NODE 0 "Directly-anchored node: ")
; 
; caught STYLE-WARNING:
;   undefined function: ANCHOR-HYPERNODE-RELATIVE-TO-NODE

;     (ANCHOR-INTEREST-RELATIVE-TO-NODE IN NODE 0 "Directly-anchored interest: ")
; 
; caught STYLE-WARNING:
;   undefined function: ANCHOR-INTEREST-RELATIVE-TO-NODE
; 
; compilation unit finished
;   Undefined functions:
;     ANCHOR-HYPERNODE-RELATIVE-TO-NODE ANCHOR-INTEREST-RELATIVE-TO-NODE
;   caught 2 STYLE-WARNING conditions

; in: DEFUN COMPUTE-DEPENDENCIES
;     (ANCHOR-HYPERNODE-RELATIVE-TO-INTEREST N INTEREST 0
;      "Directly-anchored node: ")
; 
; caught STYLE-WARNING:
;   undefined function: ANCHOR-HYPERNODE-RELATIVE-TO-INTEREST

;     (ANCHOR-INTEREST-RELATIVE-TO-INTEREST IN INTEREST 0
;      "Directly-anchored interest: ")
; 
; caught STYLE-WARNING:
;   undefined function: ANCHOR-INTEREST-RELATIVE-TO-INTEREST
; 
; compilation unit finished
;   Undefined functions:
;     ANCHOR-HYPERNODE-RELATIVE-TO-INTEREST ANCHOR-INTEREST-RELATIVE-TO-INTEREST
;   caught 2 STYLE-WARNING conditions

; in: DEFUN ANCHOR-INTEREST-RELATIVE-TO-INTEREST
;     (ANCHOR-HYPERNODE-RELATIVE-TO-INTEREST CN I (1+ INDENT) "cancelling-node: ")
; 
; caught STYLE-WARNING:
;   undefined function: ANCHOR-HYPERNODE-RELATIVE-TO-INTEREST
; 
; compilation unit finished
;   Undefined function:
;     ANCHOR-HYPERNODE-RELATIVE-TO-INTEREST
;   caught 1 STYLE-WARNING condition

; in: DEFUN ANCHOR-INTEREST-RELATIVE-TO-NODE
;     (ANCHOR-HYPERNODE-RELATIVE-TO-NODE N N0 (1+ INDENT) "generated-supposition: ")
; 
; caught STYLE-WARNING:
;   undefined function: ANCHOR-HYPERNODE-RELATIVE-TO-NODE
; 
; compilation unit finished
;   Undefined function:
;     ANCHOR-HYPERNODE-RELATIVE-TO-NODE
;   caught 1 STYLE-WARNING condition

; in: DEFUN CANCEL-INTEREST
;     (CANCEL-D-NODE DN)
; 
; caught STYLE-WARNING:
;   undefined function: CANCEL-D-NODE

;     (CANCEL-INTEREST-SCHEME IS)
; 
; caught STYLE-WARNING:
;   undefined function: CANCEL-INTEREST-SCHEME
; 
; compilation unit finished
;   Undefined functions:
;     CANCEL-D-NODE CANCEL-INTEREST-SCHEME
;   caught 2 STYLE-WARNING conditions

; in: DEFUN CANCEL-INTEREST-SCHEME
;     (CANCEL-D-NODE DN)
; 
; caught STYLE-WARNING:
;   undefined function: CANCEL-D-NODE
; 
; compilation unit finished
;   Undefined function:
;     CANCEL-D-NODE
;   caught 1 STYLE-WARNING condition

; in: DEFUN CANCEL-INTEREST-IN-NODE
;     (CANCEL-INSTANTIATED-PREMISE IP)
; 
; caught STYLE-WARNING:
;   undefined function: CANCEL-INSTANTIATED-PREMISE
; 
; compilation unit finished
;   Undefined function:
;     CANCEL-INSTANTIATED-PREMISE
;   caught 1 STYLE-WARNING condition

; in: DEFUN DISCHARGE-INTEREST-SCHEMES
;     (REASON-FROM-DOMINANT-INTEREST-SCHEMES NODE D-NODE OLD-DEGREE DEPTH)
; 
; caught STYLE-WARNING:
;   undefined function: REASON-FROM-DOMINANT-INTEREST-SCHEMES
; 
; compilation unit finished
;   Undefined function:
;     REASON-FROM-DOMINANT-INTEREST-SCHEMES
;   caught 1 STYLE-WARNING condition

; in: DEFUN REASON-FROM-DOMINANT-INTEREST-SCHEMES
;     (REASON-FROM-CURRENT-INTEREST-SCHEME NODE D-NODE OLD-DEGREE DEPTH)
; 
; caught STYLE-WARNING:
;   undefined function: REASON-FROM-CURRENT-INTEREST-SCHEME
; 
; compilation unit finished
;   Undefined function:
;     REASON-FROM-CURRENT-INTEREST-SCHEME
;   caught 1 STYLE-WARNING condition

; in: DEFUN UPDATE-BELIEFS
;     (APPLY-OPTATIVE-DISPOSITIONS-TO NODE)
; 
; caught STYLE-WARNING:
;   undefined function: APPLY-OPTATIVE-DISPOSITIONS-TO

;     (APPLY-Q&I-MODULES-TO NODE)
; 
; caught STYLE-WARNING:
;   undefined function: APPLY-Q&I-MODULES-TO

;     (COMPUTE-HYPERNODE-DEGREES-OF-JUSTIFICATION)
; 
; caught STYLE-WARNING:
;   undefined function: COMPUTE-HYPERNODE-DEGREES-OF-JUSTIFICATION

;     (COMPUTE-INTEREST-GRAPH-DEFEAT-STATUSES *NEW-BELIEFS* *NEW-RETRACTIONS*)
; 
; caught STYLE-WARNING:
;   undefined function: COMPUTE-INTEREST-GRAPH-DEFEAT-STATUSES

;     (DISCHARGE-ULTIMATE-EPISTEMIC-INTERESTS (LIST NODE) NIL)
; 
; caught STYLE-WARNING:
;   undefined function: DISCHARGE-ULTIMATE-EPISTEMIC-INTERESTS

;     (DISPLAY-BELIEF-CHANGES *NEW-LINKS* *NEW-BELIEFS* *NEW-RETRACTIONS*)
; 
; caught STYLE-WARNING:
;   undefined function: DISPLAY-BELIEF-CHANGES

;     (RECOMPUTE-PRIORITIES *NEW-BELIEFS* *NEW-RETRACTIONS* ALTERED-INTERESTS
;      ALTERED-QUERIES)
; 
; caught STYLE-WARNING:
;   undefined function: RECOMPUTE-PRIORITIES
; 
; compilation unit finished
;   Undefined functions:
;     APPLY-OPTATIVE-DISPOSITIONS-TO APPLY-Q&I-MODULES-TO COMPUTE-HYPERNODE-DEGREES-OF-JUSTIFICATION COMPUTE-INTEREST-GRAPH-DEFEAT-STATUSES DISCHARGE-ULTIMATE-EPISTEMIC-INTERESTS DISPLAY-BELIEF-CHANGES RECOMPUTE-PRIORITIES
;   caught 7 STYLE-WARNING conditions

; in: DEFUN RECOMPUTE-PRIORITIES
;     (GENERATING-NON-REDUCTIO-INTERESTS NODE)
; 
; caught STYLE-WARNING:
;   undefined function: GENERATING-NON-REDUCTIO-INTERESTS

;     (GENERATING-REDUCTIO-INTERESTS NODE)
; 
; caught STYLE-WARNING:
;   undefined function: GENERATING-REDUCTIO-INTERESTS
; 
; compilation unit finished
;   Undefined functions:
;     GENERATING-NON-REDUCTIO-INTERESTS GENERATING-REDUCTIO-INTERESTS
;   caught 2 STYLE-WARNING conditions

; in: DEFUN INITIATE-ACTIONS
;     (TRY-TO-PERFORM ACT)
; 
; caught STYLE-WARNING:
;   undefined function: TRY-TO-PERFORM
; 
; compilation unit finished
;   Undefined function:
;     TRY-TO-PERFORM
;   caught 1 STYLE-WARNING condition


; file: /home/martin/Desktop/OSCAR/lisp-sbcl/hypergraph.lisp
; in: DEFUN CRITICAL-LINK
;     (SIGMA-DEFEAT-LOOP D-LOOP SIGMA)
; 
; caught STYLE-WARNING:
;   undefined function: SIGMA-DEFEAT-LOOP
; 
; compilation unit finished
;   Undefined function:
;     SIGMA-DEFEAT-LOOP
;   caught 1 STYLE-WARNING condition

; in: DEFUN MINIMAL-SAFE-ARGUMENTS
;     (PRINC-SIGMA SIGMA)
; 
; caught STYLE-WARNING:
;   undefined function: PRINC-SIGMA

;     (SUBSIDIARY-HYPERLINKS-FOR-NODE (HYPER-DEFEAT-LINK-ROOT DL) SIGMA NIL DL
;      (1+ INDENT))
; 
; caught STYLE-WARNING:
;   undefined function: SUBSIDIARY-HYPERLINKS-FOR-NODE
; 
; compilation unit finished
;   Undefined functions:
;     PRINC-SIGMA SUBSIDIARY-HYPERLINKS-FOR-NODE
;   caught 2 STYLE-WARNING conditions

; in: DEFUN SUBSIDIARY-HYPERLINKS-FOR-NODE
;     (INITIAL-NODE NODE SIGMA)
; 
; caught STYLE-WARNING:
;   undefined function: INITIAL-NODE

;     (PRINC-SIGMA SIGMA)
; 
; caught STYLE-WARNING:
;   undefined function: PRINC-SIGMA

;     (SUBSIDIARY-HYPERLINKS-FOR-LINK L SIGMA PATH DL (1+ INDENT))
; 
; caught STYLE-WARNING:
;   undefined function: SUBSIDIARY-HYPERLINKS-FOR-LINK
; 
; compilation unit finished
;   Undefined functions:
;     INITIAL-NODE PRINC-SIGMA SUBSIDIARY-HYPERLINKS-FOR-LINK
;   caught 3 STYLE-WARNING conditions

; in: DEFUN SUBSIDIARY-HYPERLINKS-FOR-LINK
;     (INDEPENDENT-LINK-VALUE LINK SIGMA)
; 
; caught STYLE-WARNING:
;   undefined function: INDEPENDENT-LINK-VALUE

;     (INITIAL-NODE B SIGMA)
; 
; caught STYLE-WARNING:
;   undefined function: INITIAL-NODE

;     (PRINC-SIGMA SIGMA)
; 
; caught STYLE-WARNING:
;   undefined function: PRINC-SIGMA
; 
; compilation unit finished
;   Undefined functions:
;     INDEPENDENT-LINK-VALUE INITIAL-NODE PRINC-SIGMA
;   caught 3 STYLE-WARNING conditions

; in: DEFUN COMPUTE-NEW-HYPERGRAPHS
;     (SPLIT-HYPERGRAPH LINK SIGMA INDENT)
; 
; caught STYLE-WARNING:
;   undefined function: SPLIT-HYPERGRAPH
; 
; compilation unit finished
;   Undefined function:
;     SPLIT-HYPERGRAPH
;   caught 1 STYLE-WARNING condition

; in: DEFUN SPLIT-HYPERGRAPH
;     (ADD-LINK-TO-CRITICAL-GRAPH LINK SIGMA1 SIGMA2 INDENT)
; 
; caught STYLE-WARNING:
;   undefined function: ADD-LINK-TO-CRITICAL-GRAPH

;     (DISPLAY-HYPERGRAPH)
; 
; caught STYLE-WARNING:
;   undefined function: DISPLAY-HYPERGRAPH

;     (DISPLAY-SPLIT LINK SIGMA INDENT)
; 
; caught STYLE-WARNING:
;   undefined function: DISPLAY-SPLIT

;     (PRINC-SIGMA SIGMA)
; 
; caught STYLE-WARNING:
;   undefined function: PRINC-SIGMA
; 
; compilation unit finished
;   Undefined functions:
;     ADD-LINK-TO-CRITICAL-GRAPH DISPLAY-HYPERGRAPH DISPLAY-SPLIT PRINC-SIGMA
;   caught 4 STYLE-WARNING conditions

; in: DEFUN DISPLAY-SPLIT
;     (PRINC-SIGMA S)
; 
; caught STYLE-WARNING:
;   undefined function: PRINC-SIGMA
; 
; compilation unit finished
;   Undefined function:
;     PRINC-SIGMA
;   caught 1 STYLE-WARNING condition

; in: DEFUN ADD-LINK-TO-CRITICAL-GRAPH
;     (ADD-NODE-TO-CRITICAL-GRAPH B SIGMA1 SIGMA2 (1+ INDENT))
; 
; caught STYLE-WARNING:
;   undefined function: ADD-NODE-TO-CRITICAL-GRAPH

;     (INDEPENDENT-LINK-VALUE L SIGMA1)
; 
; caught STYLE-WARNING:
;   undefined function: INDEPENDENT-LINK-VALUE

;     (PRINC-SIGMA SIGMA1)
; 
; caught STYLE-WARNING:
;   undefined function: PRINC-SIGMA
; 
; compilation unit finished
;   Undefined functions:
;     ADD-NODE-TO-CRITICAL-GRAPH INDEPENDENT-LINK-VALUE PRINC-SIGMA
;   caught 3 STYLE-WARNING conditions

; in: DEFUN ADD-NODE-TO-CRITICAL-GRAPH
;     (INITIAL-NODE NODE SIGMA1)
; 
; caught STYLE-WARNING:
;   undefined function: INITIAL-NODE

;     (PRINC-SIGMA SIGMA1)
; 
; caught STYLE-WARNING:
;   undefined function: PRINC-SIGMA
; 
; compilation unit finished
;   Undefined functions:
;     INITIAL-NODE PRINC-SIGMA
;   caught 2 STYLE-WARNING conditions

; in: DEFUN DISPLAY-HYPERGRAPHS
;     (PRINC-SIGMA (LIST LINK))
; 
; caught STYLE-WARNING:
;   undefined function: PRINC-SIGMA
; 
; compilation unit finished
;   Undefined function:
;     PRINC-SIGMA
;   caught 1 STYLE-WARNING condition

; in: DEFUN COMPUTE-HYPERNODE-DEGREES-OF-JUSTIFICATION
;     (COMPUTE-AFFECTED-JUSTIFICATIONS LINK)
; 
; caught STYLE-WARNING:
;   undefined function: COMPUTE-AFFECTED-JUSTIFICATIONS

;     (RESET-MEMORIES LINK)
; 
; caught STYLE-WARNING:
;   undefined function: RESET-MEMORIES
; 
; compilation unit finished
;   Undefined functions:
;     COMPUTE-AFFECTED-JUSTIFICATIONS RESET-MEMORIES
;   caught 2 STYLE-WARNING conditions

; in: DEFUN COMPUTE-AFFECTED-JUSTIFICATIONS
;     (COMPUTE-HYPERNODE-JUSTIFICATION NODE NIL)
; 
; caught STYLE-WARNING:
;   undefined function: COMPUTE-HYPERNODE-JUSTIFICATION
; 
; compilation unit finished
;   Undefined function:
;     COMPUTE-HYPERNODE-JUSTIFICATION
;   caught 1 STYLE-WARNING condition

; in: DEFUN COMPUTE-HYPERNODE-JUSTIFICATION
;     (COMPUTE-LINK-JUSTIFICATION LINK SIGMA LINK0 (1+ INDENT) PATH)
; 
; caught STYLE-WARNING:
;   undefined function: COMPUTE-LINK-JUSTIFICATION

;     (LAST-LINK VALUES PATH)
; 
; caught STYLE-WARNING:
;   undefined function: LAST-LINK
; 
; compilation unit finished
;   Undefined functions:
;     COMPUTE-LINK-JUSTIFICATION LAST-LINK
;   caught 2 STYLE-WARNING conditions

; in: DEFUN COMPUTE-LINK-JUSTIFICATION
;     (COMPUTE-HYPER-DEFEAT-LINK-JUSTIFICATION DL SIGMA LINK (1+ INDENT)
;      (CONS LINK PATH))
; 
; caught STYLE-WARNING:
;   undefined function: COMPUTE-HYPER-DEFEAT-LINK-JUSTIFICATION
; 
; compilation unit finished
;   Undefined function:
;     COMPUTE-HYPER-DEFEAT-LINK-JUSTIFICATION
;   caught 1 STYLE-WARNING condition
